#
# There is insufficient memory for the Java Runtime Environment to continue.
# Native memory allocation (malloc) failed to allocate 1227056 bytes for Chunk::new
# Possible reasons:
#   The system is out of physical RAM or swap space
#   The process is running with CompressedOops enabled, and the Java Heap may be blocking the growth of the native heap
# Possible solutions:
#   Reduce memory load on the system
#   Increase physical memory or swap space
#   Check if swap backing store is full
#   Decrease Java heap size (-Xmx/-Xms)
#   Decrease number of Java threads
#   Decrease Java thread stack sizes (-Xss)
#   Set larger code cache with -XX:ReservedCodeCacheSize=
#   JVM is running with Unscaled Compressed Oops mode in which the Java heap is
#     placed in the first 4GB address space. The Java Heap base address is the
#     maximum limit for the native heap growth. Please use -XX:HeapBaseMinAddress
#     to set the Java Heap base and to place the Java Heap above 4GB virtual address.
# This output file may be truncated or incomplete.
#
#  Out of Memory Error (./open/src/hotspot/share/memory/arena.cpp:197), pid=1808, tid=2876
#
# JRE version: Java(TM) SE Runtime Environment 18.9 (11.0.13+10) (build 11.0.13+10-LTS-370)
# Java VM: Java HotSpot(TM) 64-Bit Server VM 18.9 (11.0.13+10-LTS-370, mixed mode, tiered, compressed oops, g1 gc, windows-amd64)
# No core dump will be written. Minidumps are not enabled by default on client versions of Windows
#

---------------  S U M M A R Y ------------

Command Line: -javaagent:C:\Program Files\JetBrains\IntelliJ IDEA Community Edition 2021.3.3\lib\idea_rt.jar=52952:C:\Program Files\JetBrains\IntelliJ IDEA Community Edition 2021.3.3\bin -Dfile.encoding=UTF-8 com.henry.orchestrator.OrchestratorApplication

Host: Intel(R) Core(TM) i3-10110U CPU @ 2.10GHz, 4 cores, 7G,  Windows 10 , 64 bit Build 22000 (10.0.22000.434)
Time: Sun Apr  3 21:12:39 2022 SE Asia Standard Time elapsed time: 7.995488 seconds (0d 0h 0m 7s)

---------------  T H R E A D  ---------------

Current thread (0x000002812130d000):  JavaThread "C2 CompilerThread0" daemon [_thread_in_native, id=2876, stack(0x000000ab15e00000,0x000000ab15f00000)]


Current CompileTask:
C2:   7995 4766       4       java.net.URLStreamHandler::parseURL (1201 bytes)

Stack: [0x000000ab15e00000,0x000000ab15f00000]
Native frames: (J=compiled Java code, j=interpreted, Vv=VM code, C=native code)
V  [jvm.dll+0x62870a]
V  [jvm.dll+0x761f2f]
V  [jvm.dll+0x7635d9]
V  [jvm.dll+0x763c63]
V  [jvm.dll+0x23d728]
V  [jvm.dll+0xb293c]
V  [jvm.dll+0xb2efc]
V  [jvm.dll+0x340872]
V  [jvm.dll+0x30e603]
V  [jvm.dll+0x30d94a]
V  [jvm.dll+0x1f8255]
V  [jvm.dll+0x1f743d]
V  [jvm.dll+0x177991]
V  [jvm.dll+0x206d84]
V  [jvm.dll+0x204ebb]
V  [jvm.dll+0x727e70]
V  [jvm.dll+0x720a54]
V  [jvm.dll+0x627606]
C  [ucrtbase.dll+0x26c0c]
C  [KERNEL32.DLL+0x154e0]
C  [ntdll.dll+0x485b]


---------------  P R O C E S S  ---------------

Threads class SMR info:
_java_thread_list=0x0000028122f061f0, length=17, elements={
0x0000028101dd5800, 0x00000281212ec000, 0x00000281212ed000, 0x0000028121c72800,
0x0000028121304800, 0x0000028121307800, 0x000002812130d000, 0x0000028121314800,
0x0000028121316800, 0x0000028121280800, 0x0000028122143800, 0x000002812266e800,
0x0000028126262800, 0x0000028127aa1800, 0x000002812531a800, 0x000002812754d800,
0x0000028125398000
}

Java Threads: ( => current thread )
  0x0000028101dd5800 JavaThread "main" [_thread_in_vm, id=1888, stack(0x000000ab15200000,0x000000ab15300000)]
  0x00000281212ec000 JavaThread "Reference Handler" daemon [_thread_blocked, id=15524, stack(0x000000ab15900000,0x000000ab15a00000)]
  0x00000281212ed000 JavaThread "Finalizer" daemon [_thread_blocked, id=15776, stack(0x000000ab15a00000,0x000000ab15b00000)]
  0x0000028121c72800 JavaThread "Signal Dispatcher" daemon [_thread_blocked, id=1280, stack(0x000000ab15b00000,0x000000ab15c00000)]
  0x0000028121304800 JavaThread "Attach Listener" daemon [_thread_blocked, id=15212, stack(0x000000ab15c00000,0x000000ab15d00000)]
  0x0000028121307800 JavaThread "Service Thread" daemon [_thread_blocked, id=8076, stack(0x000000ab15d00000,0x000000ab15e00000)]
=>0x000002812130d000 JavaThread "C2 CompilerThread0" daemon [_thread_in_native, id=2876, stack(0x000000ab15e00000,0x000000ab15f00000)]
  0x0000028121314800 JavaThread "C1 CompilerThread0" daemon [_thread_blocked, id=13668, stack(0x000000ab15f00000,0x000000ab16000000)]
  0x0000028121316800 JavaThread "Sweeper thread" daemon [_thread_blocked, id=15840, stack(0x000000ab16000000,0x000000ab16100000)]
  0x0000028121280800 JavaThread "Common-Cleaner" daemon [_thread_blocked, id=8692, stack(0x000000ab16100000,0x000000ab16200000)]
  0x0000028122143800 JavaThread "Monitor Ctrl-Break" daemon [_thread_in_native, id=5316, stack(0x000000ab16200000,0x000000ab16300000)]
  0x000002812266e800 JavaThread "C2 CompilerThread1" daemon [_thread_in_native, id=3232, stack(0x000000ab16700000,0x000000ab16800000)]
  0x0000028126262800 JavaThread "Catalina-utility-1" [_thread_blocked, id=3580, stack(0x000000ab16800000,0x000000ab16900000)]
  0x0000028127aa1800 JavaThread "container-0" [_thread_blocked, id=288, stack(0x000000ab16a00000,0x000000ab16b00000)]
  0x000002812531a800 JavaThread "PostgreSQL-JDBC-SharedTimer-1" daemon [_thread_blocked, id=13328, stack(0x000000ab16c00000,0x000000ab16d00000)]
  0x000002812754d800 JavaThread "HikariPool-1 housekeeper" daemon [_thread_blocked, id=10104, stack(0x000000ab16d00000,0x000000ab16e00000)]
  0x0000028125398000 JavaThread "HikariPool-1 connection adder" daemon [_thread_blocked, id=11424, stack(0x000000ab16e00000,0x000000ab16f00000)]

Other Threads:
  0x00000281212c5000 VMThread "VM Thread" [stack: 0x000000ab15800000,0x000000ab15900000] [id=14112]
  0x0000028122292000 WatcherThread [stack: 0x000000ab16300000,0x000000ab16400000] [id=7148]
  0x0000028101de9800 GCTaskThread "GC Thread#0" [stack: 0x000000ab15300000,0x000000ab15400000] [id=2040]
  0x0000028122b8a800 GCTaskThread "GC Thread#1" [stack: 0x000000ab16400000,0x000000ab16500000] [id=144]
  0x0000028122828800 GCTaskThread "GC Thread#2" [stack: 0x000000ab16500000,0x000000ab16600000] [id=4324]
  0x0000028122d41800 GCTaskThread "GC Thread#3" [stack: 0x000000ab16900000,0x000000ab16a00000] [id=6928]
  0x0000028101e19000 ConcurrentGCThread "G1 Main Marker" [stack: 0x000000ab15400000,0x000000ab15500000] [id=2464]
  0x0000028101e1a800 ConcurrentGCThread "G1 Conc#0" [stack: 0x000000ab15500000,0x000000ab15600000] [id=2120]
  0x0000028101eac800 ConcurrentGCThread "G1 Refine#0" [stack: 0x000000ab15600000,0x000000ab15700000] [id=8]
  0x0000028121fbf800 ConcurrentGCThread "G1 Refine#1" [stack: 0x000000ab16600000,0x000000ab16700000] [id=5512]
  0x0000028101ead800 ConcurrentGCThread "G1 Young RemSet Sampling" [stack: 0x000000ab15700000,0x000000ab15800000] [id=14736]

Threads with active compile tasks:
C2 CompilerThread0   8011 4766       4       java.net.URLStreamHandler::parseURL (1201 bytes)
C2 CompilerThread1   8011 4781       4       java.lang.reflect.Method::invoke (65 bytes)

VM state:not at safepoint (normal execution)

VM Mutex/Monitor currently owned by a thread: None

Heap address: 0x0000000082400000, size: 2012 MB, Compressed Oops mode: 32-bit
Narrow klass base: 0x0000000000000000, Narrow klass shift: 3
Compressed class space size: 1073741824 Address: 0x0000000100000000

Heap:
 garbage-first heap   total 155648K, used 28838K [0x0000000082400000, 0x0000000100000000)
  region size 1024K, 9 young (9216K), 5 survivors (5120K)
 Metaspace       used 55262K, capacity 56434K, committed 56620K, reserved 1101824K
  class space    used 7025K, capacity 7498K, committed 7552K, reserved 1048576K
Heap Regions: E=young(eden), S=young(survivor), O=old, HS=humongous(starts), HC=humongous(continues), CS=collection set, F=free, A=archive, TAMS=top-at-mark-start (previous, next)
|   0|0x0000000082400000, 0x0000000082500000, 0x0000000082500000|100%|HS|  |TAMS 0x0000000082500000, 0x0000000082400000| Complete 
|   1|0x0000000082500000, 0x0000000082600000, 0x0000000082600000|100%| O|  |TAMS 0x0000000082600000, 0x0000000082500000| Untracked 
|   2|0x0000000082600000, 0x0000000082700000, 0x0000000082700000|100%| O|  |TAMS 0x0000000082700000, 0x0000000082600000| Untracked 
|   3|0x0000000082700000, 0x0000000082800000, 0x0000000082800000|100%| O|  |TAMS 0x0000000082800000, 0x0000000082700000| Untracked 
|   4|0x0000000082800000, 0x0000000082900000, 0x0000000082900000|100%| O|  |TAMS 0x0000000082900000, 0x0000000082800000| Untracked 
|   5|0x0000000082900000, 0x0000000082a00000, 0x0000000082a00000|100%| O|  |TAMS 0x0000000082a00000, 0x0000000082900000| Untracked 
|   6|0x0000000082a00000, 0x0000000082b00000, 0x0000000082b00000|100%| O|  |TAMS 0x0000000082b00000, 0x0000000082a00000| Untracked 
|   7|0x0000000082b00000, 0x0000000082c00000, 0x0000000082c00000|100%| O|  |TAMS 0x0000000082c00000, 0x0000000082b00000| Untracked 
|   8|0x0000000082c00000, 0x0000000082d00000, 0x0000000082d00000|100%| O|  |TAMS 0x0000000082d00000, 0x0000000082c00000| Untracked 
|   9|0x0000000082d00000, 0x0000000082e00000, 0x0000000082e00000|100%| O|  |TAMS 0x0000000082e00000, 0x0000000082d00000| Untracked 
|  10|0x0000000082e00000, 0x0000000082f00000, 0x0000000082f00000|100%| O|  |TAMS 0x0000000082e84400, 0x0000000082e00000| Untracked 
|  11|0x0000000082f00000, 0x0000000083000000, 0x0000000083000000|100%| O|  |TAMS 0x0000000082f00000, 0x0000000082f00000| Untracked 
|  12|0x0000000083000000, 0x0000000083100000, 0x0000000083100000|100%| O|  |TAMS 0x0000000083000000, 0x0000000083000000| Untracked 
|  13|0x0000000083100000, 0x0000000083200000, 0x0000000083200000|100%| O|  |TAMS 0x0000000083100000, 0x0000000083100000| Untracked 
|  14|0x0000000083200000, 0x0000000083300000, 0x0000000083300000|100%| O|  |TAMS 0x0000000083200000, 0x0000000083200000| Untracked 
|  15|0x0000000083300000, 0x0000000083400000, 0x0000000083400000|100%| O|  |TAMS 0x0000000083300000, 0x0000000083300000| Untracked 
|  16|0x0000000083400000, 0x0000000083500000, 0x0000000083500000|100%| O|  |TAMS 0x0000000083400000, 0x0000000083400000| Untracked 
|  17|0x0000000083500000, 0x0000000083600000, 0x0000000083600000|100%| O|  |TAMS 0x0000000083500000, 0x0000000083500000| Untracked 
|  18|0x0000000083600000, 0x0000000083700000, 0x0000000083700000|100%| O|  |TAMS 0x0000000083600000, 0x0000000083600000| Untracked 
|  19|0x0000000083700000, 0x0000000083800000, 0x0000000083800000|100%| O|  |TAMS 0x0000000083700000, 0x0000000083700000| Untracked 
|  20|0x0000000083800000, 0x00000000838c3e00, 0x0000000083900000| 76%| O|  |TAMS 0x0000000083800000, 0x0000000083800000| Untracked 
|  21|0x0000000083900000, 0x0000000083900000, 0x0000000083a00000|  0%| F|  |TAMS 0x0000000083900000, 0x0000000083900000| Untracked 
|  22|0x0000000083a00000, 0x0000000083a00000, 0x0000000083b00000|  0%| F|  |TAMS 0x0000000083a00000, 0x0000000083a00000| Untracked 
|  23|0x0000000083b00000, 0x0000000083b00000, 0x0000000083c00000|  0%| F|  |TAMS 0x0000000083b00000, 0x0000000083b00000| Untracked 
|  24|0x0000000083c00000, 0x0000000083c00000, 0x0000000083d00000|  0%| F|  |TAMS 0x0000000083c00000, 0x0000000083c00000| Untracked 
|  25|0x0000000083d00000, 0x0000000083d00000, 0x0000000083e00000|  0%| F|  |TAMS 0x0000000083d00000, 0x0000000083d00000| Untracked 
|  26|0x0000000083e00000, 0x0000000083e00000, 0x0000000083f00000|  0%| F|  |TAMS 0x0000000083e00000, 0x0000000083e00000| Untracked 
|  27|0x0000000083f00000, 0x0000000083f00000, 0x0000000084000000|  0%| F|  |TAMS 0x0000000083f00000, 0x0000000083f00000| Untracked 
|  28|0x0000000084000000, 0x0000000084000000, 0x0000000084100000|  0%| F|  |TAMS 0x0000000084000000, 0x0000000084000000| Untracked 
|  29|0x0000000084100000, 0x0000000084100000, 0x0000000084200000|  0%| F|  |TAMS 0x0000000084100000, 0x0000000084100000| Untracked 
|  30|0x0000000084200000, 0x0000000084200000, 0x0000000084300000|  0%| F|  |TAMS 0x0000000084200000, 0x0000000084200000| Untracked 
|  31|0x0000000084300000, 0x0000000084300000, 0x0000000084400000|  0%| F|  |TAMS 0x0000000084300000, 0x0000000084300000| Untracked 
|  32|0x0000000084400000, 0x0000000084400000, 0x0000000084500000|  0%| F|  |TAMS 0x0000000084400000, 0x0000000084400000| Untracked 
|  33|0x0000000084500000, 0x0000000084500000, 0x0000000084600000|  0%| F|  |TAMS 0x0000000084500000, 0x0000000084500000| Untracked 
|  34|0x0000000084600000, 0x0000000084600000, 0x0000000084700000|  0%| F|  |TAMS 0x0000000084600000, 0x0000000084600000| Untracked 
|  35|0x0000000084700000, 0x0000000084700000, 0x0000000084800000|  0%| F|  |TAMS 0x0000000084700000, 0x0000000084700000| Untracked 
|  36|0x0000000084800000, 0x0000000084800000, 0x0000000084900000|  0%| F|  |TAMS 0x0000000084800000, 0x0000000084800000| Untracked 
|  37|0x0000000084900000, 0x0000000084900000, 0x0000000084a00000|  0%| F|  |TAMS 0x0000000084900000, 0x0000000084900000| Untracked 
|  38|0x0000000084a00000, 0x0000000084a00000, 0x0000000084b00000|  0%| F|  |TAMS 0x0000000084a00000, 0x0000000084a00000| Untracked 
|  39|0x0000000084b00000, 0x0000000084b00000, 0x0000000084c00000|  0%| F|  |TAMS 0x0000000084b00000, 0x0000000084b00000| Untracked 
|  40|0x0000000084c00000, 0x0000000084c00000, 0x0000000084d00000|  0%| F|  |TAMS 0x0000000084c00000, 0x0000000084c00000| Untracked 
|  41|0x0000000084d00000, 0x0000000084d00000, 0x0000000084e00000|  0%| F|  |TAMS 0x0000000084d00000, 0x0000000084d00000| Untracked 
|  42|0x0000000084e00000, 0x0000000084e00000, 0x0000000084f00000|  0%| F|  |TAMS 0x0000000084e00000, 0x0000000084e00000| Untracked 
|  43|0x0000000084f00000, 0x0000000084f00000, 0x0000000085000000|  0%| F|  |TAMS 0x0000000084f00000, 0x0000000084f00000| Untracked 
|  44|0x0000000085000000, 0x0000000085000000, 0x0000000085100000|  0%| F|  |TAMS 0x0000000085000000, 0x0000000085000000| Untracked 
|  45|0x0000000085100000, 0x0000000085100000, 0x0000000085200000|  0%| F|  |TAMS 0x0000000085100000, 0x0000000085100000| Untracked 
|  46|0x0000000085200000, 0x0000000085200000, 0x0000000085300000|  0%| F|  |TAMS 0x0000000085200000, 0x0000000085200000| Untracked 
|  47|0x0000000085300000, 0x0000000085300000, 0x0000000085400000|  0%| F|  |TAMS 0x0000000085300000, 0x0000000085300000| Untracked 
|  48|0x0000000085400000, 0x0000000085400000, 0x0000000085500000|  0%| F|  |TAMS 0x0000000085400000, 0x0000000085400000| Untracked 
|  49|0x0000000085500000, 0x0000000085500000, 0x0000000085600000|  0%| F|  |TAMS 0x0000000085500000, 0x0000000085500000| Untracked 
|  50|0x0000000085600000, 0x0000000085600000, 0x0000000085700000|  0%| F|  |TAMS 0x0000000085600000, 0x0000000085600000| Untracked 
|  51|0x0000000085700000, 0x0000000085700000, 0x0000000085800000|  0%| F|  |TAMS 0x0000000085700000, 0x0000000085700000| Untracked 
|  52|0x0000000085800000, 0x0000000085800000, 0x0000000085900000|  0%| F|  |TAMS 0x0000000085800000, 0x0000000085800000| Untracked 
|  53|0x0000000085900000, 0x0000000085900000, 0x0000000085a00000|  0%| F|  |TAMS 0x0000000085900000, 0x0000000085900000| Untracked 
|  54|0x0000000085a00000, 0x0000000085a00000, 0x0000000085b00000|  0%| F|  |TAMS 0x0000000085a00000, 0x0000000085a00000| Untracked 
|  55|0x0000000085b00000, 0x0000000085b00000, 0x0000000085c00000|  0%| F|  |TAMS 0x0000000085b00000, 0x0000000085b00000| Untracked 
|  56|0x0000000085c00000, 0x0000000085c00000, 0x0000000085d00000|  0%| F|  |TAMS 0x0000000085c00000, 0x0000000085c00000| Untracked 
|  57|0x0000000085d00000, 0x0000000085d00000, 0x0000000085e00000|  0%| F|  |TAMS 0x0000000085d00000, 0x0000000085d00000| Untracked 
|  58|0x0000000085e00000, 0x0000000085e00000, 0x0000000085f00000|  0%| F|  |TAMS 0x0000000085e00000, 0x0000000085e00000| Untracked 
|  59|0x0000000085f00000, 0x0000000085f00000, 0x0000000086000000|  0%| F|  |TAMS 0x0000000085f00000, 0x0000000085f00000| Untracked 
|  60|0x0000000086000000, 0x0000000086000000, 0x0000000086100000|  0%| F|  |TAMS 0x0000000086000000, 0x0000000086000000| Untracked 
|  61|0x0000000086100000, 0x0000000086100000, 0x0000000086200000|  0%| F|  |TAMS 0x0000000086100000, 0x0000000086100000| Untracked 
|  62|0x0000000086200000, 0x0000000086200000, 0x0000000086300000|  0%| F|  |TAMS 0x0000000086200000, 0x0000000086200000| Untracked 
|  63|0x0000000086300000, 0x0000000086300000, 0x0000000086400000|  0%| F|  |TAMS 0x0000000086300000, 0x0000000086300000| Untracked 
|  64|0x0000000086400000, 0x0000000086400000, 0x0000000086500000|  0%| F|  |TAMS 0x0000000086400000, 0x0000000086400000| Untracked 
|  65|0x0000000086500000, 0x0000000086500000, 0x0000000086600000|  0%| F|  |TAMS 0x0000000086500000, 0x0000000086500000| Untracked 
|  66|0x0000000086600000, 0x0000000086600000, 0x0000000086700000|  0%| F|  |TAMS 0x0000000086600000, 0x0000000086600000| Untracked 
|  67|0x0000000086700000, 0x0000000086700000, 0x0000000086800000|  0%| F|  |TAMS 0x0000000086700000, 0x0000000086700000| Untracked 
|  68|0x0000000086800000, 0x0000000086800000, 0x0000000086900000|  0%| F|  |TAMS 0x0000000086800000, 0x0000000086800000| Untracked 
|  69|0x0000000086900000, 0x0000000086965c40, 0x0000000086a00000| 39%| S|CS|TAMS 0x0000000086900000, 0x0000000086900000| Complete 
|  70|0x0000000086a00000, 0x0000000086b00000, 0x0000000086b00000|100%| S|CS|TAMS 0x0000000086a00000, 0x0000000086a00000| Complete 
|  71|0x0000000086b00000, 0x0000000086c00000, 0x0000000086c00000|100%| S|CS|TAMS 0x0000000086b00000, 0x0000000086b00000| Complete 
|  72|0x0000000086c00000, 0x0000000086d00000, 0x0000000086d00000|100%| S|CS|TAMS 0x0000000086c00000, 0x0000000086c00000| Complete 
|  73|0x0000000086d00000, 0x0000000086e00000, 0x0000000086e00000|100%| S|CS|TAMS 0x0000000086d00000, 0x0000000086d00000| Complete 
|  74|0x0000000086e00000, 0x0000000086e00000, 0x0000000086f00000|  0%| F|  |TAMS 0x0000000086e00000, 0x0000000086e00000| Untracked 
|  75|0x0000000086f00000, 0x0000000086f00000, 0x0000000087000000|  0%| F|  |TAMS 0x0000000086f00000, 0x0000000086f00000| Untracked 
|  76|0x0000000087000000, 0x0000000087000000, 0x0000000087100000|  0%| F|  |TAMS 0x0000000087000000, 0x0000000087000000| Untracked 
|  77|0x0000000087100000, 0x0000000087100000, 0x0000000087200000|  0%| F|  |TAMS 0x0000000087100000, 0x0000000087100000| Untracked 
|  78|0x0000000087200000, 0x0000000087200000, 0x0000000087300000|  0%| F|  |TAMS 0x0000000087200000, 0x0000000087200000| Untracked 
|  79|0x0000000087300000, 0x0000000087300000, 0x0000000087400000|  0%| F|  |TAMS 0x0000000087300000, 0x0000000087300000| Untracked 
|  80|0x0000000087400000, 0x0000000087400000, 0x0000000087500000|  0%| F|  |TAMS 0x0000000087400000, 0x0000000087400000| Untracked 
|  81|0x0000000087500000, 0x0000000087500000, 0x0000000087600000|  0%| F|  |TAMS 0x0000000087500000, 0x0000000087500000| Untracked 
|  82|0x0000000087600000, 0x0000000087600000, 0x0000000087700000|  0%| F|  |TAMS 0x0000000087600000, 0x0000000087600000| Untracked 
|  83|0x0000000087700000, 0x0000000087700000, 0x0000000087800000|  0%| F|  |TAMS 0x0000000087700000, 0x0000000087700000| Untracked 
|  84|0x0000000087800000, 0x0000000087800000, 0x0000000087900000|  0%| F|  |TAMS 0x0000000087800000, 0x0000000087800000| Untracked 
|  85|0x0000000087900000, 0x0000000087900000, 0x0000000087a00000|  0%| F|  |TAMS 0x0000000087900000, 0x0000000087900000| Untracked 
|  86|0x0000000087a00000, 0x0000000087a00000, 0x0000000087b00000|  0%| F|  |TAMS 0x0000000087a00000, 0x0000000087a00000| Untracked 
|  87|0x0000000087b00000, 0x0000000087b00000, 0x0000000087c00000|  0%| F|  |TAMS 0x0000000087b00000, 0x0000000087b00000| Untracked 
|  88|0x0000000087c00000, 0x0000000087c00000, 0x0000000087d00000|  0%| F|  |TAMS 0x0000000087c00000, 0x0000000087c00000| Untracked 
|  89|0x0000000087d00000, 0x0000000087d00000, 0x0000000087e00000|  0%| F|  |TAMS 0x0000000087d00000, 0x0000000087d00000| Untracked 
|  90|0x0000000087e00000, 0x0000000087e00000, 0x0000000087f00000|  0%| F|  |TAMS 0x0000000087e00000, 0x0000000087e00000| Untracked 
|  91|0x0000000087f00000, 0x0000000087f00000, 0x0000000088000000|  0%| F|  |TAMS 0x0000000087f00000, 0x0000000087f00000| Untracked 
|  92|0x0000000088000000, 0x0000000088000000, 0x0000000088100000|  0%| F|  |TAMS 0x0000000088000000, 0x0000000088000000| Untracked 
|  93|0x0000000088100000, 0x0000000088100000, 0x0000000088200000|  0%| F|  |TAMS 0x0000000088100000, 0x0000000088100000| Untracked 
|  94|0x0000000088200000, 0x0000000088200000, 0x0000000088300000|  0%| F|  |TAMS 0x0000000088200000, 0x0000000088200000| Untracked 
|  95|0x0000000088300000, 0x0000000088300000, 0x0000000088400000|  0%| F|  |TAMS 0x0000000088300000, 0x0000000088300000| Untracked 
|  96|0x0000000088400000, 0x0000000088400000, 0x0000000088500000|  0%| F|  |TAMS 0x0000000088400000, 0x0000000088400000| Untracked 
|  97|0x0000000088500000, 0x0000000088500000, 0x0000000088600000|  0%| F|  |TAMS 0x0000000088500000, 0x0000000088500000| Untracked 
|  98|0x0000000088600000, 0x0000000088600000, 0x0000000088700000|  0%| F|  |TAMS 0x0000000088600000, 0x0000000088600000| Untracked 
|  99|0x0000000088700000, 0x0000000088700000, 0x0000000088800000|  0%| F|  |TAMS 0x0000000088700000, 0x0000000088700000| Untracked 
| 100|0x0000000088800000, 0x0000000088800000, 0x0000000088900000|  0%| F|  |TAMS 0x0000000088800000, 0x0000000088800000| Untracked 
| 101|0x0000000088900000, 0x0000000088900000, 0x0000000088a00000|  0%| F|  |TAMS 0x0000000088900000, 0x0000000088900000| Untracked 
| 102|0x0000000088a00000, 0x0000000088a00000, 0x0000000088b00000|  0%| F|  |TAMS 0x0000000088a00000, 0x0000000088a00000| Untracked 
| 103|0x0000000088b00000, 0x0000000088b00000, 0x0000000088c00000|  0%| F|  |TAMS 0x0000000088b00000, 0x0000000088b00000| Untracked 
| 104|0x0000000088c00000, 0x0000000088c00000, 0x0000000088d00000|  0%| F|  |TAMS 0x0000000088c00000, 0x0000000088c00000| Untracked 
| 105|0x0000000088d00000, 0x0000000088d00000, 0x0000000088e00000|  0%| F|  |TAMS 0x0000000088d00000, 0x0000000088d00000| Untracked 
| 106|0x0000000088e00000, 0x0000000088e00000, 0x0000000088f00000|  0%| F|  |TAMS 0x0000000088e00000, 0x0000000088e00000| Untracked 
| 107|0x0000000088f00000, 0x0000000088f00000, 0x0000000089000000|  0%| F|  |TAMS 0x0000000088f00000, 0x0000000088f00000| Untracked 
| 108|0x0000000089000000, 0x0000000089000000, 0x0000000089100000|  0%| F|  |TAMS 0x0000000089000000, 0x0000000089000000| Untracked 
| 109|0x0000000089100000, 0x0000000089100000, 0x0000000089200000|  0%| F|  |TAMS 0x0000000089100000, 0x0000000089100000| Untracked 
| 110|0x0000000089200000, 0x0000000089200000, 0x0000000089300000|  0%| F|  |TAMS 0x0000000089200000, 0x0000000089200000| Untracked 
| 111|0x0000000089300000, 0x0000000089300000, 0x0000000089400000|  0%| F|  |TAMS 0x0000000089300000, 0x0000000089300000| Untracked 
| 112|0x0000000089400000, 0x0000000089400000, 0x0000000089500000|  0%| F|  |TAMS 0x0000000089400000, 0x0000000089400000| Untracked 
| 113|0x0000000089500000, 0x0000000089500000, 0x0000000089600000|  0%| F|  |TAMS 0x0000000089500000, 0x0000000089500000| Untracked 
| 114|0x0000000089600000, 0x0000000089600000, 0x0000000089700000|  0%| F|  |TAMS 0x0000000089600000, 0x0000000089600000| Untracked 
| 115|0x0000000089700000, 0x0000000089700000, 0x0000000089800000|  0%| F|  |TAMS 0x0000000089700000, 0x0000000089700000| Untracked 
| 116|0x0000000089800000, 0x0000000089800000, 0x0000000089900000|  0%| F|  |TAMS 0x0000000089800000, 0x0000000089800000| Untracked 
| 117|0x0000000089900000, 0x0000000089900000, 0x0000000089a00000|  0%| F|  |TAMS 0x0000000089900000, 0x0000000089900000| Untracked 
| 118|0x0000000089a00000, 0x0000000089a00000, 0x0000000089b00000|  0%| F|  |TAMS 0x0000000089a00000, 0x0000000089a00000| Untracked 
| 119|0x0000000089b00000, 0x0000000089b00000, 0x0000000089c00000|  0%| F|  |TAMS 0x0000000089b00000, 0x0000000089b00000| Untracked 
| 120|0x0000000089c00000, 0x0000000089c00000, 0x0000000089d00000|  0%| F|  |TAMS 0x0000000089c00000, 0x0000000089c00000| Untracked 
| 121|0x0000000089d00000, 0x0000000089d00000, 0x0000000089e00000|  0%| F|  |TAMS 0x0000000089d00000, 0x0000000089d00000| Untracked 
| 122|0x0000000089e00000, 0x0000000089e00000, 0x0000000089f00000|  0%| F|  |TAMS 0x0000000089e00000, 0x0000000089e00000| Untracked 
| 123|0x0000000089f00000, 0x0000000089f00000, 0x000000008a000000|  0%| F|  |TAMS 0x0000000089f00000, 0x0000000089f00000| Untracked 
| 124|0x000000008a000000, 0x000000008a000000, 0x000000008a100000|  0%| F|  |TAMS 0x000000008a000000, 0x000000008a000000| Untracked 
| 125|0x000000008a100000, 0x000000008a100000, 0x000000008a200000|  0%| F|  |TAMS 0x000000008a100000, 0x000000008a100000| Untracked 
| 126|0x000000008a200000, 0x000000008a200000, 0x000000008a300000|  0%| F|  |TAMS 0x000000008a200000, 0x000000008a200000| Untracked 
| 127|0x000000008a300000, 0x000000008a300000, 0x000000008a400000|  0%| F|  |TAMS 0x000000008a300000, 0x000000008a300000| Untracked 
| 128|0x000000008a400000, 0x000000008a400000, 0x000000008a500000|  0%| F|  |TAMS 0x000000008a400000, 0x000000008a400000| Untracked 
| 129|0x000000008a500000, 0x000000008a500000, 0x000000008a600000|  0%| F|  |TAMS 0x000000008a500000, 0x000000008a500000| Untracked 
| 130|0x000000008a600000, 0x000000008a600000, 0x000000008a700000|  0%| F|  |TAMS 0x000000008a600000, 0x000000008a600000| Untracked 
| 131|0x000000008a700000, 0x000000008a700000, 0x000000008a800000|  0%| F|  |TAMS 0x000000008a700000, 0x000000008a700000| Untracked 
| 132|0x000000008a800000, 0x000000008a800000, 0x000000008a900000|  0%| F|  |TAMS 0x000000008a800000, 0x000000008a800000| Untracked 
| 133|0x000000008a900000, 0x000000008a900000, 0x000000008aa00000|  0%| F|  |TAMS 0x000000008a900000, 0x000000008a900000| Untracked 
| 134|0x000000008aa00000, 0x000000008aa00000, 0x000000008ab00000|  0%| F|  |TAMS 0x000000008aa00000, 0x000000008aa00000| Untracked 
| 135|0x000000008ab00000, 0x000000008ab00000, 0x000000008ac00000|  0%| F|  |TAMS 0x000000008ab00000, 0x000000008ab00000| Untracked 
| 136|0x000000008ac00000, 0x000000008ac00000, 0x000000008ad00000|  0%| F|  |TAMS 0x000000008ac00000, 0x000000008ac00000| Untracked 
| 137|0x000000008ad00000, 0x000000008ad00000, 0x000000008ae00000|  0%| F|  |TAMS 0x000000008ad00000, 0x000000008ad00000| Untracked 
| 138|0x000000008ae00000, 0x000000008ae00000, 0x000000008af00000|  0%| F|  |TAMS 0x000000008ae00000, 0x000000008ae00000| Untracked 
| 139|0x000000008af00000, 0x000000008af00000, 0x000000008b000000|  0%| F|  |TAMS 0x000000008af00000, 0x000000008af00000| Untracked 
| 140|0x000000008b000000, 0x000000008b000000, 0x000000008b100000|  0%| F|  |TAMS 0x000000008b000000, 0x000000008b000000| Untracked 
| 141|0x000000008b100000, 0x000000008b100000, 0x000000008b200000|  0%| F|  |TAMS 0x000000008b100000, 0x000000008b100000| Untracked 
| 142|0x000000008b200000, 0x000000008b200000, 0x000000008b300000|  0%| F|  |TAMS 0x000000008b200000, 0x000000008b200000| Untracked 
| 143|0x000000008b300000, 0x000000008b300000, 0x000000008b400000|  0%| F|  |TAMS 0x000000008b300000, 0x000000008b300000| Untracked 
| 144|0x000000008b400000, 0x000000008b400000, 0x000000008b500000|  0%| F|  |TAMS 0x000000008b400000, 0x000000008b400000| Untracked 
| 145|0x000000008b500000, 0x000000008b500000, 0x000000008b600000|  0%| F|  |TAMS 0x000000008b500000, 0x000000008b500000| Untracked 
| 146|0x000000008b600000, 0x000000008b600000, 0x000000008b700000|  0%| F|  |TAMS 0x000000008b600000, 0x000000008b600000| Untracked 
| 147|0x000000008b700000, 0x000000008b700000, 0x000000008b800000|  0%| F|  |TAMS 0x000000008b700000, 0x000000008b700000| Untracked 
| 148|0x000000008b800000, 0x000000008b900000, 0x000000008b900000|100%| E|  |TAMS 0x000000008b800000, 0x000000008b800000| Complete 
| 149|0x000000008b900000, 0x000000008ba00000, 0x000000008ba00000|100%| E|CS|TAMS 0x000000008b900000, 0x000000008b900000| Complete 
| 150|0x000000008ba00000, 0x000000008bb00000, 0x000000008bb00000|100%| E|CS|TAMS 0x000000008ba00000, 0x000000008ba00000| Complete 
| 151|0x000000008bb00000, 0x000000008bc00000, 0x000000008bc00000|100%| E|CS|TAMS 0x000000008bb00000, 0x000000008bb00000| Complete 

Card table byte_map: [0x000002811a5e0000,0x000002811a9d0000] _byte_map_base: 0x000002811a1ce000

Marking Bits (Prev, Next): (CMBitMap*) 0x0000028101e10630, (CMBitMap*) 0x0000028101e105f8
 Prev Bits: [0x000002811cd30000, 0x000002811eca0000)
 Next Bits: [0x000002811adc0000, 0x000002811cd30000)

Polling page: 0x0000028101c50000

Metaspace:

Usage:
  Non-class:     47.79 MB capacity,    47.11 MB ( 99%) used,   560.52 KB (  1%) free+waste,   138.56 KB ( <1%) overhead. 
      Class:      7.32 MB capacity,     6.86 MB ( 94%) used,   405.97 KB (  5%) free+waste,    66.13 KB ( <1%) overhead. 
       Both:     55.11 MB capacity,    53.97 MB ( 98%) used,   966.48 KB (  2%) free+waste,   204.69 KB ( <1%) overhead. 

Virtual space:
  Non-class space:       52.00 MB reserved,      47.92 MB ( 92%) committed 
      Class space:        1.00 GB reserved,       7.38 MB ( <1%) committed 
             Both:        1.05 GB reserved,      55.29 MB (  5%) committed 

Chunk freelists:
   Non-Class:  512 bytes
       Class:  2.75 KB
        Both:  3.25 KB

CodeHeap 'non-profiled nmethods': size=120064Kb used=2829Kb max_used=2829Kb free=117235Kb
 bounds [0x0000028112690000, 0x0000028112960000, 0x0000028119bd0000]
CodeHeap 'profiled nmethods': size=120000Kb used=11342Kb max_used=11342Kb free=108657Kb
 bounds [0x000002810b160000, 0x000002810bc80000, 0x0000028112690000]
CodeHeap 'non-nmethods': size=5696Kb used=1196Kb max_used=1222Kb free=4499Kb
 bounds [0x000002810abd0000, 0x000002810ae40000, 0x000002810b160000]
 total_blobs=5358 nmethods=4808 adapters=460
 compilation: enabled
              stopped_count=0, restarted_count=0
 full_count=0

Compilation events (10 events):
Event: 7.973 Thread 0x0000028121314800 4805       3       net.bytebuddy.description.method.MethodDescription$AbstractBase::hashCode (65 bytes)
Event: 7.973 Thread 0x0000028121314800 nmethod 4805 0x000002810bc6ec90 code [0x000002810bc6eee0, 0x000002810bc6f7a8]
Event: 7.973 Thread 0x0000028121314800 4810       3       net.bytebuddy.description.field.FieldDescription$Latent::getDeclaringType (5 bytes)
Event: 7.973 Thread 0x0000028121314800 nmethod 4810 0x000002810bc6fa10 code [0x000002810bc6fba0, 0x000002810bc6fcb8]
Event: 7.974 Thread 0x0000028121314800 4811       3       net.bytebuddy.description.method.MethodDescription$TypeSubstituting::getInternalName (10 bytes)
Event: 7.975 Thread 0x0000028121314800 nmethod 4811 0x000002810bc6fd90 code [0x000002810bc6ff40, 0x000002810bc70108]
Event: 7.981 Thread 0x0000028121314800 4812       1       net.bytebuddy.implementation.Implementation$Context$Default$CacheValueField::getType (5 bytes)
Event: 7.981 Thread 0x0000028121314800 nmethod 4812 0x000002811294ef10 code [0x000002811294f0a0, 0x000002811294f158]
Event: 7.983 Thread 0x000002812266e800 nmethod 4768 0x000002811294f210 code [0x000002811294f480, 0x0000028112951d00]
Event: 7.983 Thread 0x000002812266e800 4781       4       java.lang.reflect.Method::invoke (65 bytes)

GC Heap History (10 events):
Event: 2.721 GC heap before
{Heap before GC invocations=5 (full 0):
 garbage-first heap   total 129024K, used 70091K [0x0000000082400000, 0x0000000100000000)
  region size 1024K, 64 young (65536K), 3 survivors (3072K)
 Metaspace       used 28254K, capacity 28851K, committed 29184K, reserved 1075200K
  class space    used 3237K, capacity 3461K, committed 3584K, reserved 1048576K
}
Event: 2.729 GC heap after
{Heap after GC invocations=6 (full 0):
 garbage-first heap   total 129024K, used 11328K [0x0000000082400000, 0x0000000100000000)
  region size 1024K, 6 young (6144K), 6 survivors (6144K)
 Metaspace       used 28254K, capacity 28851K, committed 29184K, reserved 1075200K
  class space    used 3237K, capacity 3461K, committed 3584K, reserved 1048576K
}
Event: 4.384 GC heap before
{Heap before GC invocations=6 (full 0):
 garbage-first heap   total 129024K, used 78912K [0x0000000082400000, 0x0000000100000000)
  region size 1024K, 73 young (74752K), 6 survivors (6144K)
 Metaspace       used 34499K, capacity 35345K, committed 35456K, reserved 1081344K
  class space    used 4051K, capacity 4375K, committed 4480K, reserved 1048576K
}
Event: 4.395 GC heap after
{Heap after GC invocations=7 (full 0):
 garbage-first heap   total 155648K, used 15179K [0x0000000082400000, 0x0000000100000000)
  region size 1024K, 9 young (9216K), 9 survivors (9216K)
 Metaspace       used 34499K, capacity 35345K, committed 35456K, reserved 1081344K
  class space    used 4051K, capacity 4375K, committed 4480K, reserved 1048576K
}
Event: 4.415 GC heap before
{Heap before GC invocations=7 (full 0):
 garbage-first heap   total 155648K, used 16203K [0x0000000082400000, 0x0000000100000000)
  region size 1024K, 11 young (11264K), 9 survivors (9216K)
 Metaspace       used 34670K, capacity 35473K, committed 35628K, reserved 1081344K
  class space    used 4076K, capacity 4375K, committed 4480K, reserved 1048576K
}
Event: 4.427 GC heap after
{Heap after GC invocations=8 (full 0):
 garbage-first heap   total 155648K, used 15364K [0x0000000082400000, 0x0000000100000000)
  region size 1024K, 5 young (5120K), 5 survivors (5120K)
 Metaspace       used 34670K, capacity 35473K, committed 35628K, reserved 1081344K
  class space    used 4076K, capacity 4375K, committed 4480K, reserved 1048576K
}
Event: 5.844 GC heap before
{Heap before GC invocations=9 (full 0):
 garbage-first heap   total 155648K, used 94212K [0x0000000082400000, 0x0000000100000000)
  region size 1024K, 83 young (84992K), 5 survivors (5120K)
 Metaspace       used 41409K, capacity 42433K, committed 42668K, reserved 1087488K
  class space    used 4906K, capacity 5310K, committed 5376K, reserved 1048576K
}
Event: 5.857 GC heap after
{Heap after GC invocations=10 (full 0):
 garbage-first heap   total 155648K, used 21741K [0x0000000082400000, 0x0000000100000000)
  region size 1024K, 11 young (11264K), 11 survivors (11264K)
 Metaspace       used 41409K, capacity 42433K, committed 42668K, reserved 1087488K
  class space    used 4906K, capacity 5310K, committed 5376K, reserved 1048576K
}
Event: 7.876 GC heap before
{Heap before GC invocations=11 (full 0):
 garbage-first heap   total 155648K, used 101613K [0x0000000082400000, 0x0000000100000000)
  region size 1024K, 89 young (91136K), 11 survivors (11264K)
 Metaspace       used 54725K, capacity 55881K, committed 55980K, reserved 1101824K
  class space    used 6936K, capacity 7400K, committed 7424K, reserved 1048576K
}
Event: 7.889 GC heap after
{Heap after GC invocations=12 (full 0):
 garbage-first heap   total 155648K, used 25766K [0x0000000082400000, 0x0000000100000000)
  region size 1024K, 5 young (5120K), 5 survivors (5120K)
 Metaspace       used 54725K, capacity 55881K, committed 55980K, reserved 1101824K
  class space    used 6936K, capacity 7400K, committed 7424K, reserved 1048576K
}

Deoptimization events (10 events):
Event: 6.827 Thread 0x0000028101dd5800 Uncommon trap: reason=unstable_if action=reinterpret pc=0x00000281128e4718 method=java.lang.Integer.stringSize(I)I @ 3 c2
Event: 6.837 Thread 0x0000028101dd5800 Uncommon trap: reason=bimorphic_or_optimized_type_check action=maybe_recompile pc=0x00000281127c2630 method=java.lang.ClassLoader.loadClass(Ljava/lang/String;)Ljava/lang/Class; @ 3 c2
Event: 7.099 Thread 0x0000028101dd5800 Uncommon trap: reason=unstable_if action=reinterpret pc=0x000002811290caa8 method=org.postgresql.jdbc.PgResultSet.findColumnIndex(Ljava/lang/String;)I @ 4 c2
Event: 7.099 Thread 0x0000028101dd5800 Uncommon trap: reason=null_check action=make_not_entrant pc=0x000002811290bbcc method=org.postgresql.jdbc.PgResultSet.findColumnIndex(Ljava/lang/String;)I @ 64 c2
Event: 7.111 Thread 0x0000028101dd5800 Uncommon trap: reason=class_check action=maybe_recompile pc=0x0000028112908af8 method=java.io.FilterOutputStream.write([B)V @ 5 c2
Event: 7.111 Thread 0x0000028101dd5800 Uncommon trap: reason=unstable_if action=reinterpret pc=0x00000281129085fc method=java.io.BufferedOutputStream.write([BII)V @ 6 c2
Event: 7.220 Thread 0x0000028101dd5800 Uncommon trap: reason=bimorphic_or_optimized_type_check action=maybe_recompile pc=0x00000281127c2630 method=java.lang.ClassLoader.loadClass(Ljava/lang/String;)Ljava/lang/Class; @ 3 c2
Event: 7.329 Thread 0x0000028101dd5800 Uncommon trap: reason=null_check action=make_not_entrant pc=0x000002811282ccb0 method=java.lang.Class.createAnnotationData(I)Ljava/lang/Class$AnnotationData; @ 14 c2
Event: 7.531 Thread 0x0000028101dd5800 Uncommon trap: reason=unstable_if action=reinterpret pc=0x000002811282f650 method=jdk.internal.reflect.Reflection.verifyMemberAccess(Ljava/lang/Class;Ljava/lang/Class;Ljava/lang/Class;I)Z @ 33 c2
Event: 7.542 Thread 0x0000028101dd5800 Uncommon trap: reason=class_check action=maybe_recompile pc=0x0000028112855bf8 method=java.util.concurrent.ConcurrentMap.computeIfAbsent(Ljava/lang/Object;Ljava/util/function/Function;)Ljava/lang/Object; @ 7 c2

Classes redefined (0 events):
No events

Internal exceptions (10 events):
Event: 5.599 Thread 0x0000028101dd5800 Exception <a 'java/lang/NoSuchMethodError'{0x0000000086f9f550}: java.lang.invoke.Invokers$Holder.linkToTargetMethod(Ljava/lang/Object;Ljava/lang/Object;Ljava/lang/Object;Ljava/lang/Object;Ljava/lang/Object;ILjava/lang/Object;)Ljava/lang/Object;> (0x000000
Event: 5.602 Thread 0x0000028101dd5800 Implicit null exception at 0x0000028112837f5a to 0x0000028112838138
Event: 6.536 Thread 0x0000028101dd5800 Implicit null exception at 0x00000281128607ac to 0x00000281128607de
Event: 6.664 Thread 0x0000028101dd5800 Exception <a 'java/lang/NoSuchMethodError'{0x0000000089c00548}: java.lang.invoke.DirectMethodHandle$Holder.invokeStatic(Ljava/lang/Object;ILjava/lang/Object;)Ljava/lang/Object;> (0x0000000089c00548) thrown at [./open/src/hotspot/share/interpreter/linkReso
Event: 6.665 Thread 0x0000028101dd5800 Exception <a 'java/lang/NoSuchMethodError'{0x0000000089c0cca8}: java.lang.invoke.DirectMethodHandle$Holder.invokeStatic(Ljava/lang/Object;ILjava/lang/Object;Ljava/lang/Object;)I> (0x0000000089c0cca8) thrown at [./open/src/hotspot/share/interpreter/linkRes
Event: 6.713 Thread 0x0000028101dd5800 Exception <a 'sun/nio/fs/WindowsException'{0x0000000089b88280}> (0x0000000089b88280) thrown at [./open/src/hotspot/share/prims/jni.cpp, line 611]
Event: 7.099 Thread 0x0000028101dd5800 Implicit null exception at 0x000002811290c47d to 0x000002811290ca90
Event: 7.099 Thread 0x0000028101dd5800 Implicit null exception at 0x000002811290b7c2 to 0x000002811290bbb8
Event: 7.112 Thread 0x0000028101dd5800 Exception <a 'java/lang/NoSuchMethodError'{0x00000000892282b0}: java.lang.invoke.DirectMethodHandle$Holder.invokeStaticInit(Ljava/lang/Object;Ljava/lang/Object;Ljava/lang/Object;Ljava/lang/Object;)Ljava/lang/Object;> (0x00000000892282b0) thrown at [./open
Event: 7.329 Thread 0x0000028101dd5800 Implicit null exception at 0x000002811282c5ed to 0x000002811282cca4

Events (10 events):
Event: 7.980 loading class net/bytebuddy/dynamic/scaffold/TypeInitializer$Simple
Event: 7.980 loading class net/bytebuddy/dynamic/scaffold/TypeInitializer$Simple done
Event: 7.981 loading class net/bytebuddy/implementation/bytecode/ByteCodeAppender$Compound
Event: 7.981 loading class net/bytebuddy/implementation/bytecode/ByteCodeAppender$Compound done
Event: 7.981 loading class net/bytebuddy/description/method/ParameterList$Empty
Event: 7.981 loading class net/bytebuddy/description/method/ParameterList$Empty done
Event: 7.982 loading class net/bytebuddy/description/type/TypeList$Empty
Event: 7.982 loading class net/bytebuddy/description/type/TypeList$Empty done
Event: 7.983 loading class net/bytebuddy/implementation/bytecode/constant/ClassConstant
Event: 7.983 loading class net/bytebuddy/implementation/bytecode/constant/ClassConstant done


Dynamic libraries:
0x00007ff65c730000 - 0x00007ff65c73f000 	C:\Program Files\Java\jdk-11.0.13\bin\java.exe
0x00007ffed2020000 - 0x00007ffed2229000 	C:\WINDOWS\SYSTEM32\ntdll.dll
0x00007ffed0de0000 - 0x00007ffed0e9d000 	C:\WINDOWS\System32\KERNEL32.DLL
0x00007ffecf7d0000 - 0x00007ffecfb44000 	C:\WINDOWS\System32\KERNELBASE.dll
0x00007ffebce10000 - 0x00007ffebce28000 	C:\Program Files\Java\jdk-11.0.13\bin\jli.dll
0x00007ffed1900000 - 0x00007ffed19ae000 	C:\WINDOWS\System32\ADVAPI32.dll
0x00007ffed04a0000 - 0x00007ffed0543000 	C:\WINDOWS\System32\msvcrt.dll
0x00007ffed16e0000 - 0x00007ffed177e000 	C:\WINDOWS\System32\sechost.dll
0x00007ffed17e0000 - 0x00007ffed1900000 	C:\WINDOWS\System32\RPCRT4.dll
0x00007ffecfc10000 - 0x00007ffecfd21000 	C:\WINDOWS\System32\ucrtbase.dll
0x00007ffed0560000 - 0x00007ffed070c000 	C:\WINDOWS\System32\USER32.dll
0x00007ffecf630000 - 0x00007ffecf656000 	C:\WINDOWS\System32\win32u.dll
0x00007ffed02d0000 - 0x00007ffed02f9000 	C:\WINDOWS\System32\GDI32.dll
0x00007ffecfda0000 - 0x00007ffecfeb2000 	C:\WINDOWS\System32\gdi32full.dll
0x00007ffecf590000 - 0x00007ffecf62d000 	C:\WINDOWS\System32\msvcp_win.dll
0x00007ffebcea0000 - 0x00007ffebd145000 	C:\WINDOWS\WinSxS\amd64_microsoft.windows.common-controls_6595b64144ccf1df_6.0.22000.120_none_9d947278b86cc467\COMCTL32.dll
0x00007ffec75d0000 - 0x00007ffec75da000 	C:\WINDOWS\SYSTEM32\VERSION.dll
0x00007ffec02e0000 - 0x00007ffec02f5000 	C:\Program Files\Java\jdk-11.0.13\bin\VCRUNTIME140.dll
0x00007ffecff20000 - 0x00007ffecff51000 	C:\WINDOWS\System32\IMM32.DLL
0x00007ffeb86d0000 - 0x00007ffeb876b000 	C:\Program Files\Java\jdk-11.0.13\bin\msvcp140.dll
0x00007ffe649c0000 - 0x00007ffe654d3000 	C:\Program Files\Java\jdk-11.0.13\bin\server\jvm.dll
0x00007ffed0550000 - 0x00007ffed0558000 	C:\WINDOWS\System32\PSAPI.DLL
0x00007ffeb5d30000 - 0x00007ffeb5d39000 	C:\WINDOWS\SYSTEM32\WSOCK32.dll
0x00007ffed0130000 - 0x00007ffed019f000 	C:\WINDOWS\System32\WS2_32.dll
0x00007ffec9710000 - 0x00007ffec9743000 	C:\WINDOWS\SYSTEM32\WINMM.dll
0x00007ffece5d0000 - 0x00007ffece5e8000 	C:\WINDOWS\SYSTEM32\kernel.appcore.dll
0x00007ffecb6f0000 - 0x00007ffecb700000 	C:\Program Files\Java\jdk-11.0.13\bin\verify.dll
0x00007ffecd0a0000 - 0x00007ffecd2c1000 	C:\WINDOWS\SYSTEM32\DBGHELP.DLL
0x00007ffeb6130000 - 0x00007ffeb6161000 	C:\WINDOWS\SYSTEM32\dbgcore.DLL
0x00007ffecf510000 - 0x00007ffecf58f000 	C:\WINDOWS\System32\bcryptPrimitives.dll
0x00007ffebcda0000 - 0x00007ffebcdc8000 	C:\Program Files\Java\jdk-11.0.13\bin\java.dll
0x00007ffecb640000 - 0x00007ffecb64a000 	C:\Program Files\Java\jdk-11.0.13\bin\jimage.dll
0x00007ffeb6300000 - 0x00007ffeb630e000 	C:\Program Files\Java\jdk-11.0.13\bin\instrument.dll
0x00007ffeb8630000 - 0x00007ffeb8646000 	C:\Program Files\Java\jdk-11.0.13\bin\zip.dll
0x00007ffed0f20000 - 0x00007ffed16ce000 	C:\WINDOWS\System32\SHELL32.dll
0x00007ffecd640000 - 0x00007ffecdea8000 	C:\WINDOWS\SYSTEM32\windows.storage.dll
0x00007ffed1ac0000 - 0x00007ffed1e38000 	C:\WINDOWS\System32\combase.dll
0x00007ffecd4d0000 - 0x00007ffecd636000 	C:\WINDOWS\SYSTEM32\wintypes.dll
0x00007ffed19d0000 - 0x00007ffed1aba000 	C:\WINDOWS\System32\SHCORE.dll
0x00007ffed0ea0000 - 0x00007ffed0efd000 	C:\WINDOWS\System32\shlwapi.dll
0x00007ffecf440000 - 0x00007ffecf461000 	C:\WINDOWS\SYSTEM32\profapi.dll
0x00007ffeb8610000 - 0x00007ffeb8629000 	C:\Program Files\Java\jdk-11.0.13\bin\net.dll
0x00007ffec8440000 - 0x00007ffec854c000 	C:\WINDOWS\SYSTEM32\WINHTTP.dll
0x00007ffece9f0000 - 0x00007ffecea57000 	C:\WINDOWS\system32\mswsock.dll
0x00007ffeb85d0000 - 0x00007ffeb85e2000 	C:\Program Files\Java\jdk-11.0.13\bin\nio.dll
0x00007ffeb1320000 - 0x00007ffeb133a000 	C:\Program Files\JetBrains\IntelliJ IDEA Community Edition 2021.3.3\bin\breakgen64.dll
0x00007ffecb5c0000 - 0x00007ffecb5c9000 	C:\Program Files\Java\jdk-11.0.13\bin\management.dll
0x00007ffecab30000 - 0x00007ffecab3b000 	C:\Program Files\Java\jdk-11.0.13\bin\management_ext.dll
0x00007ffea40f0000 - 0x00007ffea4107000 	C:\WINDOWS\system32\napinsp.dll
0x00007ffea4070000 - 0x00007ffea408b000 	C:\WINDOWS\system32\pnrpnsp.dll
0x00007ffece170000 - 0x00007ffece257000 	C:\WINDOWS\SYSTEM32\DNSAPI.dll
0x00007ffece100000 - 0x00007ffece12d000 	C:\WINDOWS\SYSTEM32\IPHLPAPI.DLL
0x00007ffed01a0000 - 0x00007ffed01a9000 	C:\WINDOWS\System32\NSI.dll
0x00007ffea4050000 - 0x00007ffea4062000 	C:\WINDOWS\System32\winrnr.dll
0x00007ffea6f40000 - 0x00007ffea6f55000 	C:\WINDOWS\system32\wshbth.dll
0x00007ffea4030000 - 0x00007ffea404f000 	C:\WINDOWS\system32\nlansp_c.dll
0x00007ffec1b60000 - 0x00007ffec1b6a000 	C:\Windows\System32\rasadhlp.dll
0x00007ffec20f0000 - 0x00007ffec2171000 	C:\WINDOWS\System32\fwpuclnt.dll
0x00007ffececc0000 - 0x00007ffececd8000 	C:\WINDOWS\SYSTEM32\CRYPTSP.dll
0x00007ffece530000 - 0x00007ffece565000 	C:\WINDOWS\system32\rsaenh.dll
0x00007ffecea90000 - 0x00007ffeceab9000 	C:\WINDOWS\SYSTEM32\USERENV.dll
0x00007ffecee70000 - 0x00007ffecee97000 	C:\WINDOWS\SYSTEM32\bcrypt.dll
0x00007ffecebe0000 - 0x00007ffecebec000 	C:\WINDOWS\SYSTEM32\CRYPTBASE.dll
0x00007ffec8710000 - 0x00007ffec8729000 	C:\WINDOWS\SYSTEM32\dhcpcsvc6.DLL
0x00007ffec9cf0000 - 0x00007ffec9d0e000 	C:\WINDOWS\SYSTEM32\dhcpcsvc.DLL
0x00007ffeb1310000 - 0x00007ffeb131d000 	C:\Program Files\Java\jdk-11.0.13\bin\sunmscapi.dll
0x00007ffecf660000 - 0x00007ffecf7c2000 	C:\WINDOWS\System32\CRYPT32.dll
0x00007ffecee40000 - 0x00007ffecee68000 	C:\WINDOWS\SYSTEM32\ncrypt.dll
0x00007ffecee00000 - 0x00007ffecee37000 	C:\WINDOWS\SYSTEM32\NTASN1.dll
0x00007ffeb12e0000 - 0x00007ffeb1305000 	C:\Program Files\Java\jdk-11.0.13\bin\sunec.dll

dbghelp: loaded successfully - version: 4.0.5 - missing functions: none
symbol engine: initialized successfully - sym options: 0x614 - pdb path: .;C:\Program Files\Java\jdk-11.0.13\bin;C:\WINDOWS\SYSTEM32;C:\WINDOWS\WinSxS\amd64_microsoft.windows.common-controls_6595b64144ccf1df_6.0.22000.120_none_9d947278b86cc467;C:\Program Files\Java\jdk-11.0.13\bin\server;C:\Program Files\JetBrains\IntelliJ IDEA Community Edition 2021.3.3\bin

VM Arguments:
jvm_args: -javaagent:C:\Program Files\JetBrains\IntelliJ IDEA Community Edition 2021.3.3\lib\idea_rt.jar=52952:C:\Program Files\JetBrains\IntelliJ IDEA Community Edition 2021.3.3\bin -Dfile.encoding=UTF-8 
java_command: com.henry.orchestrator.OrchestratorApplication
java_class_path (initial): D:\Henry\IT\Project Example\orchestrator\target\classes;C:\Users\asus\.m2\repository\org\springframework\boot\spring-boot-starter-web\2.1.2.RELEASE\spring-boot-starter-web-2.1.2.RELEASE.jar;C:\Users\asus\.m2\repository\org\springframework\boot\spring-boot-starter\2.1.2.RELEASE\spring-boot-starter-2.1.2.RELEASE.jar;C:\Users\asus\.m2\repository\org\springframework\boot\spring-boot\2.1.2.RELEASE\spring-boot-2.1.2.RELEASE.jar;C:\Users\asus\.m2\repository\org\springframework\boot\spring-boot-autoconfigure\2.1.2.RELEASE\spring-boot-autoconfigure-2.1.2.RELEASE.jar;C:\Users\asus\.m2\repository\org\springframework\boot\spring-boot-starter-logging\2.1.2.RELEASE\spring-boot-starter-logging-2.1.2.RELEASE.jar;C:\Users\asus\.m2\repository\ch\qos\logback\logback-classic\1.2.3\logback-classic-1.2.3.jar;C:\Users\asus\.m2\repository\ch\qos\logback\logback-core\1.2.3\logback-core-1.2.3.jar;C:\Users\asus\.m2\repository\org\apache\logging\log4j\log4j-to-slf4j\2.11.1\log4j-to-slf4j-2.11.1.jar;C:\Users\asus\.m2\repository\org\apache\logging\log4j\log4j-api\2.11.1\log4j-api-2.11.1.jar;C:\Users\asus\.m2\repository\org\slf4j\jul-to-slf4j\1.7.25\jul-to-slf4j-1.7.25.jar;C:\Users\asus\.m2\repository\javax\annotation\javax.annotation-api\1.3.2\javax.annotation-api-1.3.2.jar;C:\Users\asus\.m2\repository\org\springframework\spring-core\5.1.4.RELEASE\spring-core-5.1.4.RELEASE.jar;C:\Users\asus\.m2\repository\org\springframework\spring-jcl\5.1.4.RELEASE\spring-jcl-5.1.4.RELEASE.jar;C:\Users\asus\.m2\repository\org\yaml\snakeyaml\1.23\snakeyaml-1.23.jar;C:\Users\asus\.m2\repository\org\springframework\boot\spring-boot-starter-json\2.1.2.RELEASE\spring-boot-starter-json-2.1.2.RELEASE.jar;C:\Users\asus\.m2\repository\com\fasterxml\jackson\core\jackson-databind\2.9.8\jackson-databind-2.9.8.jar;C:\Users\asus\.m2\repository\com\fasterxml\jackson\core\jackson-annotations\2.9.0\jackson-annotations-2.9.0.jar;C:\Users\asus\.m2\repository\com\fasterxml\jackson\core\jackson-core\2.9
Launcher Type: SUN_STANDARD

[Global flags]
     intx CICompilerCount                          = 3                                         {product} {ergonomic}
     uint ConcGCThreads                            = 1                                         {product} {ergonomic}
     uint G1ConcRefinementThreads                  = 4                                         {product} {ergonomic}
   size_t G1HeapRegionSize                         = 1048576                                   {product} {ergonomic}
    uintx GCDrainStackTargetSize                   = 64                                        {product} {ergonomic}
   size_t InitialHeapSize                          = 132120576                                 {product} {ergonomic}
   size_t MarkStackSize                            = 4194304                                   {product} {ergonomic}
   size_t MaxHeapSize                              = 2109734912                                {product} {ergonomic}
   size_t MaxNewSize                               = 1265631232                                {product} {ergonomic}
   size_t MinHeapDeltaBytes                        = 1048576                                   {product} {ergonomic}
    uintx NonNMethodCodeHeapSize                   = 5830732                                {pd product} {ergonomic}
    uintx NonProfiledCodeHeapSize                  = 122913754                              {pd product} {ergonomic}
    uintx ProfiledCodeHeapSize                     = 122913754                              {pd product} {ergonomic}
    uintx ReservedCodeCacheSize                    = 251658240                              {pd product} {ergonomic}
     bool SegmentedCodeCache                       = true                                      {product} {ergonomic}
     bool UseCompressedClassPointers               = true                                 {lp64_product} {ergonomic}
     bool UseCompressedOops                        = true                                 {lp64_product} {ergonomic}
     bool UseG1GC                                  = true                                      {product} {ergonomic}
     bool UseLargePagesIndividualAllocation        = false                                  {pd product} {ergonomic}

Logging:
Log output configuration:
 #0: stdout all=warning uptime,level,tags
 #1: stderr all=off uptime,level,tags

Environment Variables:
PATH=C:\Program Files\Common Files\Oracle\Java\javapath;C:\Program Files (x86)\VMware\VMware Player\bin\;C:\WINDOWS\system32;C:\WINDOWS;C:\WINDOWS\System32\Wbem;C:\WINDOWS\System32\WindowsPowerShell\v1.0\;C:\WINDOWS\System32\OpenSSH\;C:\Program Files\Git\cmd;C:\Program Files\apache-maven-3.8.5\bin;;C:\Program Files\Docker\Docker\resources\bin;C:\ProgramData\DockerDesktop\version-bin;C:\Users\asus\AppData\Local\Microsoft\WindowsApps;C:\Program Files\Java\jdk-11.0.13\bin;;C:\Program Files\JetBrains\IntelliJ IDEA 2021.3.3\bin;;C:\Program Files\JetBrains\IntelliJ IDEA Community Edition 2021.3.3\bin;
USERNAME=asus
OS=Windows_NT
PROCESSOR_IDENTIFIER=Intel64 Family 6 Model 142 Stepping 12, GenuineIntel



---------------  S Y S T E M  ---------------

OS: Windows 10 , 64 bit Build 22000 (10.0.22000.434)
Hyper-V role detected

CPU:total 4 (initial active 4) (2 cores per cpu, 2 threads per core) family 6 model 142 stepping 12 microcode 0xde, cmov, cx8, fxsr, mmx, sse, sse2, sse3, ssse3, sse4.1, sse4.2, popcnt, avx, avx2, aes, clmul, erms, 3dnowpref, lzcnt, ht, tsc, tscinvbit, bmi1, bmi2, adx, fma

Memory: 4k page, system-wide physical 8044M (550M free)
TotalPageFile size 16175M (AvailPageFile size 5M)
current process WorkingSet (physical memory assigned to process): 297M, peak: 297M
current process commit charge ("private bytes"): 350M, peak: 351M

vm_info: Java HotSpot(TM) 64-Bit Server VM (11.0.13+10-LTS-370) for windows-amd64 JRE (11.0.13+10-LTS-370), built on Sep 15 2021 22:10:36 by "mach5one" with MS VC++ 15.9 (VS2017)

END.
