#
# There is insufficient memory for the Java Runtime Environment to continue.
# Native memory allocation (malloc) failed to allocate 1898256 bytes for Chunk::new
# Possible reasons:
#   The system is out of physical RAM or swap space
#   The process is running with CompressedOops enabled, and the Java Heap may be blocking the growth of the native heap
# Possible solutions:
#   Reduce memory load on the system
#   Increase physical memory or swap space
#   Check if swap backing store is full
#   Decrease Java heap size (-Xmx/-Xms)
#   Decrease number of Java threads
#   Decrease Java thread stack sizes (-Xss)
#   Set larger code cache with -XX:ReservedCodeCacheSize=
#   JVM is running with Unscaled Compressed Oops mode in which the Java heap is
#     placed in the first 4GB address space. The Java Heap base address is the
#     maximum limit for the native heap growth. Please use -XX:HeapBaseMinAddress
#     to set the Java Heap base and to place the Java Heap above 4GB virtual address.
# This output file may be truncated or incomplete.
#
#  Out of Memory Error (./open/src/hotspot/share/memory/arena.cpp:197), pid=9180, tid=3972
#
# JRE version: Java(TM) SE Runtime Environment 18.9 (11.0.13+10) (build 11.0.13+10-LTS-370)
# Java VM: Java HotSpot(TM) 64-Bit Server VM 18.9 (11.0.13+10-LTS-370, mixed mode, tiered, compressed oops, g1 gc, windows-amd64)
# No core dump will be written. Minidumps are not enabled by default on client versions of Windows
#

---------------  S U M M A R Y ------------

Command Line: -javaagent:C:\Program Files\JetBrains\IntelliJ IDEA Community Edition 2021.3.3\lib\idea_rt.jar=52937:C:\Program Files\JetBrains\IntelliJ IDEA Community Edition 2021.3.3\bin -Dfile.encoding=UTF-8 com.henry.orchestrator.OrchestratorApplication

Host: Intel(R) Core(TM) i3-10110U CPU @ 2.10GHz, 4 cores, 7G,  Windows 10 , 64 bit Build 22000 (10.0.22000.434)
Time: Sun Apr  3 21:12:18 2022 SE Asia Standard Time elapsed time: 7.837771 seconds (0d 0h 0m 7s)

---------------  T H R E A D  ---------------

Current thread (0x000001a1037a0800):  JavaThread "C2 CompilerThread1" daemon [_thread_in_native, id=3972, stack(0x00000041e6200000,0x00000041e6300000)]


Current CompileTask:
C2:   7837 4950   !   4       org.springframework.core.annotation.AnnotatedElementUtils::searchWithFindSemantics (774 bytes)

Stack: [0x00000041e6200000,0x00000041e6300000]
Native frames: (J=compiled Java code, j=interpreted, Vv=VM code, C=native code)
V  [jvm.dll+0x62870a]
V  [jvm.dll+0x761f2f]
V  [jvm.dll+0x7635d9]
V  [jvm.dll+0x763c63]
V  [jvm.dll+0x23d728]
V  [jvm.dll+0xb293c]
V  [jvm.dll+0xb2efc]
V  [jvm.dll+0x340872]
V  [jvm.dll+0x30e603]
V  [jvm.dll+0x30d94a]
V  [jvm.dll+0x1f8255]
V  [jvm.dll+0x1f743d]
V  [jvm.dll+0x177991]
V  [jvm.dll+0x206d84]
V  [jvm.dll+0x204ebb]
V  [jvm.dll+0x727e70]
V  [jvm.dll+0x720a54]
V  [jvm.dll+0x627606]
C  [ucrtbase.dll+0x26c0c]
C  [KERNEL32.DLL+0x154e0]
C  [ntdll.dll+0x485b]


---------------  P R O C E S S  ---------------

Threads class SMR info:
_java_thread_list=0x000001a1044ec030, length=17, elements={
0x000001a160394800, 0x000001a17d96a800, 0x000001a17d96e000, 0x000001a17e2f2800,
0x000001a17d983000, 0x000001a17d984000, 0x000001a17d988000, 0x000001a17d9ac000,
0x000001a17e339000, 0x000001a17e43d800, 0x000001a17e90c000, 0x000001a1037a0800,
0x000001a103c76000, 0x000001a101dac800, 0x000001a1013f8000, 0x000001a102095800,
0x000001a102d62000
}

Java Threads: ( => current thread )
  0x000001a160394800 JavaThread "main" [_thread_in_vm, id=14216, stack(0x00000041e5200000,0x00000041e5300000)]
  0x000001a17d96a800 JavaThread "Reference Handler" daemon [_thread_blocked, id=8380, stack(0x00000041e5900000,0x00000041e5a00000)]
  0x000001a17d96e000 JavaThread "Finalizer" daemon [_thread_blocked, id=4884, stack(0x00000041e5a00000,0x00000041e5b00000)]
  0x000001a17e2f2800 JavaThread "Signal Dispatcher" daemon [_thread_blocked, id=11484, stack(0x00000041e5b00000,0x00000041e5c00000)]
  0x000001a17d983000 JavaThread "Attach Listener" daemon [_thread_blocked, id=1316, stack(0x00000041e5c00000,0x00000041e5d00000)]
  0x000001a17d984000 JavaThread "Service Thread" daemon [_thread_blocked, id=1132, stack(0x00000041e5d00000,0x00000041e5e00000)]
  0x000001a17d988000 JavaThread "C2 CompilerThread0" daemon [_thread_in_native, id=4888, stack(0x00000041e5e00000,0x00000041e5f00000)]
  0x000001a17d9ac000 JavaThread "C1 CompilerThread0" daemon [_thread_blocked, id=3180, stack(0x00000041e5f00000,0x00000041e6000000)]
  0x000001a17e339000 JavaThread "Sweeper thread" daemon [_thread_blocked, id=7744, stack(0x00000041e6000000,0x00000041e6100000)]
  0x000001a17e43d800 JavaThread "Common-Cleaner" daemon [_thread_blocked, id=9864, stack(0x00000041e6100000,0x00000041e6200000)]
  0x000001a17e90c000 JavaThread "Monitor Ctrl-Break" daemon [_thread_in_native, id=15672, stack(0x00000041e6300000,0x00000041e6400000)]
=>0x000001a1037a0800 JavaThread "C2 CompilerThread1" daemon [_thread_in_native, id=3972, stack(0x00000041e6200000,0x00000041e6300000)]
  0x000001a103c76000 JavaThread "Catalina-utility-1" [_thread_blocked, id=8684, stack(0x00000041e6700000,0x00000041e6800000)]
  0x000001a101dac800 JavaThread "container-0" [_thread_blocked, id=3156, stack(0x00000041e6900000,0x00000041e6a00000)]
  0x000001a1013f8000 JavaThread "PostgreSQL-JDBC-SharedTimer-1" daemon [_thread_blocked, id=5656, stack(0x00000041e6b00000,0x00000041e6c00000)]
  0x000001a102095800 JavaThread "HikariPool-1 housekeeper" daemon [_thread_blocked, id=3844, stack(0x00000041e6c00000,0x00000041e6d00000)]
  0x000001a102d62000 JavaThread "HikariPool-1 connection adder" daemon [_thread_blocked, id=1528, stack(0x00000041e6d00000,0x00000041e6e00000)]

Other Threads:
  0x000001a17d944000 VMThread "VM Thread" [stack: 0x00000041e5800000,0x00000041e5900000] [id=14252]
  0x000001a17e911000 WatcherThread [stack: 0x00000041e6400000,0x00000041e6500000] [id=8484]
  0x000001a1603aa800 GCTaskThread "GC Thread#0" [stack: 0x00000041e5300000,0x00000041e5400000] [id=6484]
  0x000001a17ec7f800 GCTaskThread "GC Thread#1" [stack: 0x00000041e6500000,0x00000041e6600000] [id=8488]
  0x000001a10007e000 GCTaskThread "GC Thread#2" [stack: 0x00000041e6600000,0x00000041e6700000] [id=14596]
  0x000001a100228000 GCTaskThread "GC Thread#3" [stack: 0x00000041e6800000,0x00000041e6900000] [id=9112]
  0x000001a1603da000 ConcurrentGCThread "G1 Main Marker" [stack: 0x00000041e5400000,0x00000041e5500000] [id=8364]
  0x000001a1603db000 ConcurrentGCThread "G1 Conc#0" [stack: 0x00000041e5500000,0x00000041e5600000] [id=15788]
  0x000001a16046d000 ConcurrentGCThread "G1 Refine#0" [stack: 0x00000041e5600000,0x00000041e5700000] [id=12792]
  0x000001a16046e000 ConcurrentGCThread "G1 Young RemSet Sampling" [stack: 0x00000041e5700000,0x00000041e5800000] [id=16352]

Threads with active compile tasks:
C2 CompilerThread0   7863 5004       4       org.springframework.core.annotation.AnnotationUtils::postProcessAnnotationAttributes (163 bytes)
C2 CompilerThread1   7864 4950   !   4       org.springframework.core.annotation.AnnotatedElementUtils::searchWithFindSemantics (774 bytes)

VM state:not at safepoint (normal execution)

VM Mutex/Monitor currently owned by a thread: None

Heap address: 0x0000000082400000, size: 2012 MB, Compressed Oops mode: 32-bit
Narrow klass base: 0x0000000000000000, Narrow klass shift: 3
Compressed class space size: 1073741824 Address: 0x0000000100000000

Heap:
 garbage-first heap   total 155648K, used 35115K [0x0000000082400000, 0x0000000100000000)
  region size 1024K, 14 young (14336K), 5 survivors (5120K)
 Metaspace       used 59330K, capacity 60585K, committed 60780K, reserved 1101824K
  class space    used 7603K, capacity 8118K, committed 8192K, reserved 1048576K
Heap Regions: E=young(eden), S=young(survivor), O=old, HS=humongous(starts), HC=humongous(continues), CS=collection set, F=free, A=archive, TAMS=top-at-mark-start (previous, next)
|   0|0x0000000082400000, 0x0000000082500000, 0x0000000082500000|100%|HS|  |TAMS 0x0000000082500000, 0x0000000082400000| Complete 
|   1|0x0000000082500000, 0x0000000082600000, 0x0000000082600000|100%| O|  |TAMS 0x0000000082600000, 0x0000000082500000| Untracked 
|   2|0x0000000082600000, 0x0000000082700000, 0x0000000082700000|100%| O|  |TAMS 0x0000000082700000, 0x0000000082600000| Untracked 
|   3|0x0000000082700000, 0x0000000082800000, 0x0000000082800000|100%| O|  |TAMS 0x0000000082800000, 0x0000000082700000| Untracked 
|   4|0x0000000082800000, 0x0000000082900000, 0x0000000082900000|100%| O|  |TAMS 0x0000000082900000, 0x0000000082800000| Untracked 
|   5|0x0000000082900000, 0x0000000082a00000, 0x0000000082a00000|100%| O|  |TAMS 0x0000000082a00000, 0x0000000082900000| Untracked 
|   6|0x0000000082a00000, 0x0000000082b00000, 0x0000000082b00000|100%| O|  |TAMS 0x0000000082b00000, 0x0000000082a00000| Untracked 
|   7|0x0000000082b00000, 0x0000000082c00000, 0x0000000082c00000|100%| O|  |TAMS 0x0000000082c00000, 0x0000000082b00000| Untracked 
|   8|0x0000000082c00000, 0x0000000082d00000, 0x0000000082d00000|100%| O|  |TAMS 0x0000000082d00000, 0x0000000082c00000| Untracked 
|   9|0x0000000082d00000, 0x0000000082e00000, 0x0000000082e00000|100%| O|  |TAMS 0x0000000082e00000, 0x0000000082d00000| Untracked 
|  10|0x0000000082e00000, 0x0000000082f00000, 0x0000000082f00000|100%| O|  |TAMS 0x0000000082f00000, 0x0000000082e00000| Untracked 
|  11|0x0000000082f00000, 0x0000000083000000, 0x0000000083000000|100%| O|  |TAMS 0x0000000083000000, 0x0000000082f00000| Untracked 
|  12|0x0000000083000000, 0x0000000083100000, 0x0000000083100000|100%| O|  |TAMS 0x0000000083100000, 0x0000000083000000| Untracked 
|  13|0x0000000083100000, 0x0000000083200000, 0x0000000083200000|100%| O|  |TAMS 0x0000000083200000, 0x0000000083100000| Untracked 
|  14|0x0000000083200000, 0x0000000083300000, 0x0000000083300000|100%| O|  |TAMS 0x0000000083300000, 0x0000000083200000| Untracked 
|  15|0x0000000083300000, 0x0000000083400000, 0x0000000083400000|100%| O|  |TAMS 0x0000000083400000, 0x0000000083300000| Untracked 
|  16|0x0000000083400000, 0x0000000083500000, 0x0000000083500000|100%| O|  |TAMS 0x0000000083500000, 0x0000000083400000| Untracked 
|  17|0x0000000083500000, 0x0000000083600000, 0x0000000083600000|100%| O|  |TAMS 0x0000000083600000, 0x0000000083500000| Untracked 
|  18|0x0000000083600000, 0x0000000083700000, 0x0000000083700000|100%| O|  |TAMS 0x0000000083700000, 0x0000000083600000| Untracked 
|  19|0x0000000083700000, 0x0000000083800000, 0x0000000083800000|100%| O|  |TAMS 0x0000000083800000, 0x0000000083700000| Untracked 
|  20|0x0000000083800000, 0x0000000083900000, 0x0000000083900000|100%| O|  |TAMS 0x0000000083900000, 0x0000000083800000| Untracked 
|  21|0x0000000083900000, 0x000000008394ae00, 0x0000000083a00000| 29%| O|  |TAMS 0x000000008394ae00, 0x0000000083900000| Untracked 
|  22|0x0000000083a00000, 0x0000000083a00000, 0x0000000083b00000|  0%| F|  |TAMS 0x0000000083a00000, 0x0000000083a00000| Untracked 
|  23|0x0000000083b00000, 0x0000000083b00000, 0x0000000083c00000|  0%| F|  |TAMS 0x0000000083b00000, 0x0000000083b00000| Untracked 
|  24|0x0000000083c00000, 0x0000000083c00000, 0x0000000083d00000|  0%| F|  |TAMS 0x0000000083c00000, 0x0000000083c00000| Untracked 
|  25|0x0000000083d00000, 0x0000000083d00000, 0x0000000083e00000|  0%| F|  |TAMS 0x0000000083d00000, 0x0000000083d00000| Untracked 
|  26|0x0000000083e00000, 0x0000000083e00000, 0x0000000083f00000|  0%| F|  |TAMS 0x0000000083e00000, 0x0000000083e00000| Untracked 
|  27|0x0000000083f00000, 0x0000000083f00000, 0x0000000084000000|  0%| F|  |TAMS 0x0000000083f00000, 0x0000000083f00000| Untracked 
|  28|0x0000000084000000, 0x0000000084000000, 0x0000000084100000|  0%| F|  |TAMS 0x0000000084000000, 0x0000000084000000| Untracked 
|  29|0x0000000084100000, 0x0000000084100000, 0x0000000084200000|  0%| F|  |TAMS 0x0000000084100000, 0x0000000084100000| Untracked 
|  30|0x0000000084200000, 0x0000000084200000, 0x0000000084300000|  0%| F|  |TAMS 0x0000000084200000, 0x0000000084200000| Untracked 
|  31|0x0000000084300000, 0x0000000084300000, 0x0000000084400000|  0%| F|  |TAMS 0x0000000084300000, 0x0000000084300000| Untracked 
|  32|0x0000000084400000, 0x0000000084400000, 0x0000000084500000|  0%| F|  |TAMS 0x0000000084400000, 0x0000000084400000| Untracked 
|  33|0x0000000084500000, 0x0000000084500000, 0x0000000084600000|  0%| F|  |TAMS 0x0000000084500000, 0x0000000084500000| Untracked 
|  34|0x0000000084600000, 0x0000000084600000, 0x0000000084700000|  0%| F|  |TAMS 0x0000000084600000, 0x0000000084600000| Untracked 
|  35|0x0000000084700000, 0x0000000084700000, 0x0000000084800000|  0%| F|  |TAMS 0x0000000084700000, 0x0000000084700000| Untracked 
|  36|0x0000000084800000, 0x0000000084800000, 0x0000000084900000|  0%| F|  |TAMS 0x0000000084800000, 0x0000000084800000| Untracked 
|  37|0x0000000084900000, 0x0000000084900000, 0x0000000084a00000|  0%| F|  |TAMS 0x0000000084900000, 0x0000000084900000| Untracked 
|  38|0x0000000084a00000, 0x0000000084a00000, 0x0000000084b00000|  0%| F|  |TAMS 0x0000000084a00000, 0x0000000084a00000| Untracked 
|  39|0x0000000084b00000, 0x0000000084b00000, 0x0000000084c00000|  0%| F|  |TAMS 0x0000000084b00000, 0x0000000084b00000| Untracked 
|  40|0x0000000084c00000, 0x0000000084c00000, 0x0000000084d00000|  0%| F|  |TAMS 0x0000000084c00000, 0x0000000084c00000| Untracked 
|  41|0x0000000084d00000, 0x0000000084d00000, 0x0000000084e00000|  0%| F|  |TAMS 0x0000000084d00000, 0x0000000084d00000| Untracked 
|  42|0x0000000084e00000, 0x0000000084e00000, 0x0000000084f00000|  0%| F|  |TAMS 0x0000000084e00000, 0x0000000084e00000| Untracked 
|  43|0x0000000084f00000, 0x0000000084f00000, 0x0000000085000000|  0%| F|  |TAMS 0x0000000084f00000, 0x0000000084f00000| Untracked 
|  44|0x0000000085000000, 0x0000000085000000, 0x0000000085100000|  0%| F|  |TAMS 0x0000000085000000, 0x0000000085000000| Untracked 
|  45|0x0000000085100000, 0x0000000085100000, 0x0000000085200000|  0%| F|  |TAMS 0x0000000085100000, 0x0000000085100000| Untracked 
|  46|0x0000000085200000, 0x0000000085200000, 0x0000000085300000|  0%| F|  |TAMS 0x0000000085200000, 0x0000000085200000| Untracked 
|  47|0x0000000085300000, 0x0000000085300000, 0x0000000085400000|  0%| F|  |TAMS 0x0000000085300000, 0x0000000085300000| Untracked 
|  48|0x0000000085400000, 0x0000000085400000, 0x0000000085500000|  0%| F|  |TAMS 0x0000000085400000, 0x0000000085400000| Untracked 
|  49|0x0000000085500000, 0x0000000085500000, 0x0000000085600000|  0%| F|  |TAMS 0x0000000085500000, 0x0000000085500000| Untracked 
|  50|0x0000000085600000, 0x0000000085600000, 0x0000000085700000|  0%| F|  |TAMS 0x0000000085600000, 0x0000000085600000| Untracked 
|  51|0x0000000085700000, 0x0000000085700000, 0x0000000085800000|  0%| F|  |TAMS 0x0000000085700000, 0x0000000085700000| Untracked 
|  52|0x0000000085800000, 0x0000000085800000, 0x0000000085900000|  0%| F|  |TAMS 0x0000000085800000, 0x0000000085800000| Untracked 
|  53|0x0000000085900000, 0x0000000085900000, 0x0000000085a00000|  0%| F|  |TAMS 0x0000000085900000, 0x0000000085900000| Untracked 
|  54|0x0000000085a00000, 0x0000000085a00000, 0x0000000085b00000|  0%| F|  |TAMS 0x0000000085a00000, 0x0000000085a00000| Untracked 
|  55|0x0000000085b00000, 0x0000000085b00000, 0x0000000085c00000|  0%| F|  |TAMS 0x0000000085b00000, 0x0000000085b00000| Untracked 
|  56|0x0000000085c00000, 0x0000000085c00000, 0x0000000085d00000|  0%| F|  |TAMS 0x0000000085c00000, 0x0000000085c00000| Untracked 
|  57|0x0000000085d00000, 0x0000000085d00000, 0x0000000085e00000|  0%| F|  |TAMS 0x0000000085d00000, 0x0000000085d00000| Untracked 
|  58|0x0000000085e00000, 0x0000000085e00000, 0x0000000085f00000|  0%| F|  |TAMS 0x0000000085e00000, 0x0000000085e00000| Untracked 
|  59|0x0000000085f00000, 0x0000000085f00000, 0x0000000086000000|  0%| F|  |TAMS 0x0000000085f00000, 0x0000000085f00000| Untracked 
|  60|0x0000000086000000, 0x0000000086000000, 0x0000000086100000|  0%| F|  |TAMS 0x0000000086000000, 0x0000000086000000| Untracked 
|  61|0x0000000086100000, 0x0000000086100000, 0x0000000086200000|  0%| F|  |TAMS 0x0000000086100000, 0x0000000086100000| Untracked 
|  62|0x0000000086200000, 0x0000000086200000, 0x0000000086300000|  0%| F|  |TAMS 0x0000000086200000, 0x0000000086200000| Untracked 
|  63|0x0000000086300000, 0x0000000086300000, 0x0000000086400000|  0%| F|  |TAMS 0x0000000086300000, 0x0000000086300000| Untracked 
|  64|0x0000000086400000, 0x0000000086400000, 0x0000000086500000|  0%| F|  |TAMS 0x0000000086400000, 0x0000000086400000| Untracked 
|  65|0x0000000086500000, 0x0000000086500000, 0x0000000086600000|  0%| F|  |TAMS 0x0000000086500000, 0x0000000086500000| Untracked 
|  66|0x0000000086600000, 0x0000000086600000, 0x0000000086700000|  0%| F|  |TAMS 0x0000000086600000, 0x0000000086600000| Untracked 
|  67|0x0000000086700000, 0x0000000086700000, 0x0000000086800000|  0%| F|  |TAMS 0x0000000086700000, 0x0000000086700000| Untracked 
|  68|0x0000000086800000, 0x0000000086800000, 0x0000000086900000|  0%| F|  |TAMS 0x0000000086800000, 0x0000000086800000| Untracked 
|  69|0x0000000086900000, 0x0000000086900000, 0x0000000086a00000|  0%| F|  |TAMS 0x0000000086900000, 0x0000000086900000| Untracked 
|  70|0x0000000086a00000, 0x0000000086a00000, 0x0000000086b00000|  0%| F|  |TAMS 0x0000000086a00000, 0x0000000086a00000| Untracked 
|  71|0x0000000086b00000, 0x0000000086b00000, 0x0000000086c00000|  0%| F|  |TAMS 0x0000000086b00000, 0x0000000086b00000| Untracked 
|  72|0x0000000086c00000, 0x0000000086c00000, 0x0000000086d00000|  0%| F|  |TAMS 0x0000000086c00000, 0x0000000086c00000| Untracked 
|  73|0x0000000086d00000, 0x0000000086d00000, 0x0000000086e00000|  0%| F|  |TAMS 0x0000000086d00000, 0x0000000086d00000| Untracked 
|  74|0x0000000086e00000, 0x0000000086e00000, 0x0000000086f00000|  0%| F|  |TAMS 0x0000000086e00000, 0x0000000086e00000| Untracked 
|  75|0x0000000086f00000, 0x0000000086f00000, 0x0000000087000000|  0%| F|  |TAMS 0x0000000086f00000, 0x0000000086f00000| Untracked 
|  76|0x0000000087000000, 0x0000000087000000, 0x0000000087100000|  0%| F|  |TAMS 0x0000000087000000, 0x0000000087000000| Untracked 
|  77|0x0000000087100000, 0x0000000087100000, 0x0000000087200000|  0%| F|  |TAMS 0x0000000087100000, 0x0000000087100000| Untracked 
|  78|0x0000000087200000, 0x0000000087200000, 0x0000000087300000|  0%| F|  |TAMS 0x0000000087200000, 0x0000000087200000| Untracked 
|  79|0x0000000087300000, 0x0000000087300000, 0x0000000087400000|  0%| F|  |TAMS 0x0000000087300000, 0x0000000087300000| Untracked 
|  80|0x0000000087400000, 0x0000000087400000, 0x0000000087500000|  0%| F|  |TAMS 0x0000000087400000, 0x0000000087400000| Untracked 
|  81|0x0000000087500000, 0x0000000087500000, 0x0000000087600000|  0%| F|  |TAMS 0x0000000087500000, 0x0000000087500000| Untracked 
|  82|0x0000000087600000, 0x0000000087600000, 0x0000000087700000|  0%| F|  |TAMS 0x0000000087600000, 0x0000000087600000| Untracked 
|  83|0x0000000087700000, 0x0000000087700000, 0x0000000087800000|  0%| F|  |TAMS 0x0000000087700000, 0x0000000087700000| Untracked 
|  84|0x0000000087800000, 0x0000000087800000, 0x0000000087900000|  0%| F|  |TAMS 0x0000000087800000, 0x0000000087800000| Untracked 
|  85|0x0000000087900000, 0x0000000087900000, 0x0000000087a00000|  0%| F|  |TAMS 0x0000000087900000, 0x0000000087900000| Untracked 
|  86|0x0000000087a00000, 0x0000000087a00000, 0x0000000087b00000|  0%| F|  |TAMS 0x0000000087a00000, 0x0000000087a00000| Untracked 
|  87|0x0000000087b00000, 0x0000000087b00000, 0x0000000087c00000|  0%| F|  |TAMS 0x0000000087b00000, 0x0000000087b00000| Untracked 
|  88|0x0000000087c00000, 0x0000000087c00000, 0x0000000087d00000|  0%| F|  |TAMS 0x0000000087c00000, 0x0000000087c00000| Untracked 
|  89|0x0000000087d00000, 0x0000000087d00000, 0x0000000087e00000|  0%| F|  |TAMS 0x0000000087d00000, 0x0000000087d00000| Untracked 
|  90|0x0000000087e00000, 0x0000000087e00000, 0x0000000087f00000|  0%| F|  |TAMS 0x0000000087e00000, 0x0000000087e00000| Untracked 
|  91|0x0000000087f00000, 0x0000000087f00000, 0x0000000088000000|  0%| F|  |TAMS 0x0000000087f00000, 0x0000000087f00000| Untracked 
|  92|0x0000000088000000, 0x0000000088000000, 0x0000000088100000|  0%| F|  |TAMS 0x0000000088000000, 0x0000000088000000| Untracked 
|  93|0x0000000088100000, 0x0000000088100000, 0x0000000088200000|  0%| F|  |TAMS 0x0000000088100000, 0x0000000088100000| Untracked 
|  94|0x0000000088200000, 0x0000000088200000, 0x0000000088300000|  0%| F|  |TAMS 0x0000000088200000, 0x0000000088200000| Untracked 
|  95|0x0000000088300000, 0x0000000088300000, 0x0000000088400000|  0%| F|  |TAMS 0x0000000088300000, 0x0000000088300000| Untracked 
|  96|0x0000000088400000, 0x0000000088400000, 0x0000000088500000|  0%| F|  |TAMS 0x0000000088400000, 0x0000000088400000| Untracked 
|  97|0x0000000088500000, 0x0000000088500000, 0x0000000088600000|  0%| F|  |TAMS 0x0000000088500000, 0x0000000088500000| Untracked 
|  98|0x0000000088600000, 0x0000000088600000, 0x0000000088700000|  0%| F|  |TAMS 0x0000000088600000, 0x0000000088600000| Untracked 
|  99|0x0000000088700000, 0x0000000088700000, 0x0000000088800000|  0%| F|  |TAMS 0x0000000088700000, 0x0000000088700000| Untracked 
| 100|0x0000000088800000, 0x0000000088800000, 0x0000000088900000|  0%| F|  |TAMS 0x0000000088800000, 0x0000000088800000| Untracked 
| 101|0x0000000088900000, 0x0000000088900000, 0x0000000088a00000|  0%| F|  |TAMS 0x0000000088900000, 0x0000000088900000| Untracked 
| 102|0x0000000088a00000, 0x0000000088a00000, 0x0000000088b00000|  0%| F|  |TAMS 0x0000000088a00000, 0x0000000088a00000| Untracked 
| 103|0x0000000088b00000, 0x0000000088b00000, 0x0000000088c00000|  0%| F|  |TAMS 0x0000000088b00000, 0x0000000088b00000| Untracked 
| 104|0x0000000088c00000, 0x0000000088c00000, 0x0000000088d00000|  0%| F|  |TAMS 0x0000000088c00000, 0x0000000088c00000| Untracked 
| 105|0x0000000088d00000, 0x0000000088d00000, 0x0000000088e00000|  0%| F|  |TAMS 0x0000000088d00000, 0x0000000088d00000| Untracked 
| 106|0x0000000088e00000, 0x0000000088e00000, 0x0000000088f00000|  0%| F|  |TAMS 0x0000000088e00000, 0x0000000088e00000| Untracked 
| 107|0x0000000088f00000, 0x0000000088f00000, 0x0000000089000000|  0%| F|  |TAMS 0x0000000088f00000, 0x0000000088f00000| Untracked 
| 108|0x0000000089000000, 0x0000000089000000, 0x0000000089100000|  0%| F|  |TAMS 0x0000000089000000, 0x0000000089000000| Untracked 
| 109|0x0000000089100000, 0x0000000089100000, 0x0000000089200000|  0%| F|  |TAMS 0x0000000089100000, 0x0000000089100000| Untracked 
| 110|0x0000000089200000, 0x0000000089200000, 0x0000000089300000|  0%| F|  |TAMS 0x0000000089200000, 0x0000000089200000| Untracked 
| 111|0x0000000089300000, 0x0000000089300000, 0x0000000089400000|  0%| F|  |TAMS 0x0000000089300000, 0x0000000089300000| Untracked 
| 112|0x0000000089400000, 0x0000000089400000, 0x0000000089500000|  0%| F|  |TAMS 0x0000000089400000, 0x0000000089400000| Untracked 
| 113|0x0000000089500000, 0x0000000089500000, 0x0000000089600000|  0%| F|  |TAMS 0x0000000089500000, 0x0000000089500000| Untracked 
| 114|0x0000000089600000, 0x0000000089600000, 0x0000000089700000|  0%| F|  |TAMS 0x0000000089600000, 0x0000000089600000| Untracked 
| 115|0x0000000089700000, 0x0000000089700000, 0x0000000089800000|  0%| F|  |TAMS 0x0000000089700000, 0x0000000089700000| Untracked 
| 116|0x0000000089800000, 0x0000000089800000, 0x0000000089900000|  0%| F|  |TAMS 0x0000000089800000, 0x0000000089800000| Untracked 
| 117|0x0000000089900000, 0x0000000089900000, 0x0000000089a00000|  0%| F|  |TAMS 0x0000000089900000, 0x0000000089900000| Untracked 
| 118|0x0000000089a00000, 0x0000000089a00000, 0x0000000089b00000|  0%| F|  |TAMS 0x0000000089a00000, 0x0000000089a00000| Untracked 
| 119|0x0000000089b00000, 0x0000000089b00000, 0x0000000089c00000|  0%| F|  |TAMS 0x0000000089b00000, 0x0000000089b00000| Untracked 
| 120|0x0000000089c00000, 0x0000000089c00000, 0x0000000089d00000|  0%| F|  |TAMS 0x0000000089c00000, 0x0000000089c00000| Untracked 
| 121|0x0000000089d00000, 0x0000000089d00000, 0x0000000089e00000|  0%| F|  |TAMS 0x0000000089d00000, 0x0000000089d00000| Untracked 
| 122|0x0000000089e00000, 0x0000000089e00000, 0x0000000089f00000|  0%| F|  |TAMS 0x0000000089e00000, 0x0000000089e00000| Untracked 
| 123|0x0000000089f00000, 0x0000000089f00000, 0x000000008a000000|  0%| F|  |TAMS 0x0000000089f00000, 0x0000000089f00000| Untracked 
| 124|0x000000008a000000, 0x000000008a000000, 0x000000008a100000|  0%| F|  |TAMS 0x000000008a000000, 0x000000008a000000| Untracked 
| 125|0x000000008a100000, 0x000000008a100000, 0x000000008a200000|  0%| F|  |TAMS 0x000000008a100000, 0x000000008a100000| Untracked 
| 126|0x000000008a200000, 0x000000008a300000, 0x000000008a300000|100%| S|CS|TAMS 0x000000008a200000, 0x000000008a200000| Complete 
| 127|0x000000008a300000, 0x000000008a400000, 0x000000008a400000|100%| S|CS|TAMS 0x000000008a300000, 0x000000008a300000| Complete 
| 128|0x000000008a400000, 0x000000008a500000, 0x000000008a500000|100%| S|CS|TAMS 0x000000008a400000, 0x000000008a400000| Complete 
| 129|0x000000008a500000, 0x000000008a600000, 0x000000008a600000|100%| S|CS|TAMS 0x000000008a500000, 0x000000008a500000| Complete 
| 130|0x000000008a600000, 0x000000008a700000, 0x000000008a700000|100%| S|CS|TAMS 0x000000008a600000, 0x000000008a600000| Complete 
| 131|0x000000008a700000, 0x000000008a700000, 0x000000008a800000|  0%| F|  |TAMS 0x000000008a700000, 0x000000008a700000| Untracked 
| 132|0x000000008a800000, 0x000000008a800000, 0x000000008a900000|  0%| F|  |TAMS 0x000000008a800000, 0x000000008a800000| Untracked 
| 133|0x000000008a900000, 0x000000008a900000, 0x000000008aa00000|  0%| F|  |TAMS 0x000000008a900000, 0x000000008a900000| Untracked 
| 134|0x000000008aa00000, 0x000000008aa00000, 0x000000008ab00000|  0%| F|  |TAMS 0x000000008aa00000, 0x000000008aa00000| Untracked 
| 135|0x000000008ab00000, 0x000000008ab00000, 0x000000008ac00000|  0%| F|  |TAMS 0x000000008ab00000, 0x000000008ab00000| Untracked 
| 136|0x000000008ac00000, 0x000000008ac00000, 0x000000008ad00000|  0%| F|  |TAMS 0x000000008ac00000, 0x000000008ac00000| Untracked 
| 137|0x000000008ad00000, 0x000000008ad00000, 0x000000008ae00000|  0%| F|  |TAMS 0x000000008ad00000, 0x000000008ad00000| Untracked 
| 138|0x000000008ae00000, 0x000000008ae00000, 0x000000008af00000|  0%| F|  |TAMS 0x000000008ae00000, 0x000000008ae00000| Untracked 
| 139|0x000000008af00000, 0x000000008af00000, 0x000000008b000000|  0%| F|  |TAMS 0x000000008af00000, 0x000000008af00000| Untracked 
| 140|0x000000008b000000, 0x000000008b000000, 0x000000008b100000|  0%| F|  |TAMS 0x000000008b000000, 0x000000008b000000| Untracked 
| 141|0x000000008b100000, 0x000000008b100000, 0x000000008b200000|  0%| F|  |TAMS 0x000000008b100000, 0x000000008b100000| Untracked 
| 142|0x000000008b200000, 0x000000008b200000, 0x000000008b300000|  0%| F|  |TAMS 0x000000008b200000, 0x000000008b200000| Untracked 
| 143|0x000000008b300000, 0x000000008b380800, 0x000000008b400000| 50%| E|  |TAMS 0x000000008b300000, 0x000000008b300000| Complete 
| 144|0x000000008b400000, 0x000000008b500000, 0x000000008b500000|100%| E|CS|TAMS 0x000000008b400000, 0x000000008b400000| Complete 
| 145|0x000000008b500000, 0x000000008b600000, 0x000000008b600000|100%| E|CS|TAMS 0x000000008b500000, 0x000000008b500000| Complete 
| 146|0x000000008b600000, 0x000000008b700000, 0x000000008b700000|100%| E|CS|TAMS 0x000000008b600000, 0x000000008b600000| Complete 
| 147|0x000000008b700000, 0x000000008b800000, 0x000000008b800000|100%| E|CS|TAMS 0x000000008b700000, 0x000000008b700000| Complete 
| 148|0x000000008b800000, 0x000000008b900000, 0x000000008b900000|100%| E|CS|TAMS 0x000000008b800000, 0x000000008b800000| Complete 
| 149|0x000000008b900000, 0x000000008ba00000, 0x000000008ba00000|100%| E|CS|TAMS 0x000000008b900000, 0x000000008b900000| Complete 
| 150|0x000000008ba00000, 0x000000008bb00000, 0x000000008bb00000|100%| E|CS|TAMS 0x000000008ba00000, 0x000000008ba00000| Complete 
| 151|0x000000008bb00000, 0x000000008bc00000, 0x000000008bc00000|100%| E|CS|TAMS 0x000000008bb00000, 0x000000008bb00000| Complete 

Card table byte_map: [0x000001a176db0000,0x000001a1771a0000] _byte_map_base: 0x000001a17699e000

Marking Bits (Prev, Next): (CMBitMap*) 0x000001a1603d1220, (CMBitMap*) 0x000001a1603d11e8
 Prev Bits: [0x000001a179500000, 0x000001a17b470000)
 Next Bits: [0x000001a177590000, 0x000001a179500000)

Polling page: 0x000001a15e290000

Metaspace:

Usage:
  Non-class:     51.24 MB capacity,    50.51 MB ( 99%) used,   582.14 KB (  1%) free+waste,   158.25 KB ( <1%) overhead. 
      Class:      7.93 MB capacity,     7.43 MB ( 94%) used,   438.41 KB (  5%) free+waste,    75.81 KB ( <1%) overhead. 
       Both:     59.17 MB capacity,    57.94 MB ( 98%) used,  1020.55 KB (  2%) free+waste,   234.06 KB ( <1%) overhead. 

Virtual space:
  Non-class space:       52.00 MB reserved,      51.36 MB ( 99%) committed 
      Class space:        1.00 GB reserved,       8.00 MB ( <1%) committed 
             Both:        1.05 GB reserved,      59.36 MB (  6%) committed 

Chunk freelists:
   Non-Class:  7.13 KB
       Class:  1.25 KB
        Both:  8.38 KB

CodeHeap 'non-profiled nmethods': size=120064Kb used=2914Kb max_used=2914Kb free=117149Kb
 bounds [0x000001a16f480000, 0x000001a16f760000, 0x000001a1769c0000]
CodeHeap 'profiled nmethods': size=120000Kb used=11894Kb max_used=11894Kb free=108105Kb
 bounds [0x000001a167f50000, 0x000001a168af0000, 0x000001a16f480000]
CodeHeap 'non-nmethods': size=5696Kb used=1204Kb max_used=1237Kb free=4491Kb
 bounds [0x000001a1679c0000, 0x000001a167c30000, 0x000001a167f50000]
 total_blobs=5604 nmethods=5037 adapters=477
 compilation: enabled
              stopped_count=0, restarted_count=0
 full_count=0

Compilation events (10 events):
Event: 7.830 Thread 0x000001a17d9ac000 nmethod 5040 0x000001a168ae7590 code [0x000001a168ae7720, 0x000001a168ae78b8]
Event: 7.830 Thread 0x000001a17d9ac000 5041       1       org.springframework.beans.factory.support.DefaultListableBeanFactory::getAutowireCandidateResolver (5 bytes)
Event: 7.830 Thread 0x000001a17d9ac000 nmethod 5041 0x000001a16f753e10 code [0x000001a16f753fa0, 0x000001a16f754058]
Event: 7.831 Thread 0x000001a17d9ac000 5042       3       org.springframework.beans.factory.annotation.InjectionMetadata::<init> (15 bytes)
Event: 7.831 Thread 0x000001a17d9ac000 nmethod 5042 0x000001a168ae7990 code [0x000001a168ae7b40, 0x000001a168ae7d58]
Event: 7.832 Thread 0x000001a17d9ac000 5043       3       org.springframework.beans.factory.annotation.InjectionMetadata::checkConfigMembers (141 bytes)
Event: 7.833 Thread 0x000001a17d9ac000 nmethod 5043 0x000001a168ae7e10 code [0x000001a168ae8200, 0x000001a168ae9ca8]
Event: 7.834 Thread 0x000001a17d9ac000 5044       3       org.springframework.beans.factory.annotation.InjectionMetadata::inject (123 bytes)
Event: 7.835 Thread 0x000001a17d9ac000 nmethod 5044 0x000001a168aea610 code [0x000001a168aea940, 0x000001a168aebc28]
Event: 7.836 Thread 0x000001a17d9ac000 5045       3       org.springframework.cglib.core.EmitUtils$12::processCase (37 bytes)

GC Heap History (10 events):
Event: 3.473 GC heap before
{Heap before GC invocations=6 (full 0):
 garbage-first heap   total 129024K, used 68445K [0x0000000082400000, 0x0000000100000000)
  region size 1024K, 62 young (63488K), 5 survivors (5120K)
 Metaspace       used 31367K, capacity 32158K, committed 32512K, reserved 1077248K
  class space    used 3680K, capacity 3988K, committed 4096K, reserved 1048576K
}
Event: 3.485 GC heap after
{Heap after GC invocations=7 (full 0):
 garbage-first heap   total 129024K, used 13423K [0x0000000082400000, 0x0000000100000000)
  region size 1024K, 7 young (7168K), 7 survivors (7168K)
 Metaspace       used 31367K, capacity 32158K, committed 32512K, reserved 1077248K
  class space    used 3680K, capacity 3988K, committed 4096K, reserved 1048576K
}
Event: 4.092 GC heap before
{Heap before GC invocations=7 (full 0):
 garbage-first heap   total 129024K, used 43119K [0x0000000082400000, 0x0000000100000000)
  region size 1024K, 37 young (37888K), 7 survivors (7168K)
 Metaspace       used 34713K, capacity 35471K, committed 35628K, reserved 1081344K
  class space    used 4082K, capacity 4376K, committed 4480K, reserved 1048576K
}
Event: 4.103 GC heap after
{Heap after GC invocations=8 (full 0):
 garbage-first heap   total 155648K, used 15306K [0x0000000082400000, 0x0000000100000000)
  region size 1024K, 7 young (7168K), 7 survivors (7168K)
 Metaspace       used 34713K, capacity 35471K, committed 35628K, reserved 1081344K
  class space    used 4082K, capacity 4376K, committed 4480K, reserved 1048576K
}
Event: 5.358 GC heap before
{Heap before GC invocations=9 (full 0):
 garbage-first heap   total 155648K, used 100298K [0x0000000082400000, 0x0000000100000000)
  region size 1024K, 91 young (93184K), 7 survivors (7168K)
 Metaspace       used 42533K, capacity 43586K, committed 43820K, reserved 1087488K
  class space    used 5096K, capacity 5503K, committed 5504K, reserved 1048576K
}
Event: 5.371 GC heap after
{Heap after GC invocations=10 (full 0):
 garbage-first heap   total 155648K, used 22239K [0x0000000082400000, 0x0000000100000000)
  region size 1024K, 12 young (12288K), 12 survivors (12288K)
 Metaspace       used 42533K, capacity 43586K, committed 43820K, reserved 1087488K
  class space    used 5096K, capacity 5503K, committed 5504K, reserved 1048576K
}
Event: 7.098 GC heap before
{Heap before GC invocations=10 (full 0):
 garbage-first heap   total 155648K, used 103135K [0x0000000082400000, 0x0000000100000000)
  region size 1024K, 91 young (93184K), 12 survivors (12288K)
 Metaspace       used 55564K, capacity 56630K, committed 56876K, reserved 1099776K
  class space    used 7076K, capacity 7500K, committed 7552K, reserved 1048576K
}
Event: 7.112 GC heap after
{Heap after GC invocations=11 (full 0):
 garbage-first heap   total 155648K, used 25899K [0x0000000082400000, 0x0000000100000000)
  region size 1024K, 4 young (4096K), 4 survivors (4096K)
 Metaspace       used 55564K, capacity 56630K, committed 56876K, reserved 1099776K
  class space    used 7076K, capacity 7500K, committed 7552K, reserved 1048576K
}
Event: 7.567 GC heap before
{Heap before GC invocations=11 (full 0):
 garbage-first heap   total 155648K, used 46379K [0x0000000082400000, 0x0000000100000000)
  region size 1024K, 25 young (25600K), 4 survivors (4096K)
 Metaspace       used 58564K, capacity 59701K, committed 59808K, reserved 1101824K
  class space    used 7470K, capacity 7909K, committed 7936K, reserved 1048576K
}
Event: 7.573 GC heap after
{Heap after GC invocations=12 (full 0):
 garbage-first heap   total 155648K, used 26923K [0x0000000082400000, 0x0000000100000000)
  region size 1024K, 5 young (5120K), 5 survivors (5120K)
 Metaspace       used 58564K, capacity 59701K, committed 59808K, reserved 1101824K
  class space    used 7470K, capacity 7909K, committed 7936K, reserved 1048576K
}

Deoptimization events (10 events):
Event: 7.539 Thread 0x000001a160394800 Uncommon trap: reason=speculate_null_assert action=make_not_entrant pc=0x000001a16f58efac method=org.springframework.util.ConcurrentReferenceHashMap$Segment.restructureIfNecessary(Z)V @ 33 c2
Event: 7.579 Thread 0x000001a160394800 Uncommon trap: reason=class_check action=maybe_recompile pc=0x000001a16f73ac40 method=org.springframework.core.annotation.AnnotationUtils.hasPlainJavaAnnotationsOnly(Ljava/lang/Object;)Z @ 16 c2
Event: 7.579 Thread 0x000001a160394800 Uncommon trap: reason=class_check action=maybe_recompile pc=0x000001a16f73ac40 method=org.springframework.core.annotation.AnnotationUtils.hasPlainJavaAnnotationsOnly(Ljava/lang/Object;)Z @ 16 c2
Event: 7.580 Thread 0x000001a160394800 Uncommon trap: reason=class_check action=maybe_recompile pc=0x000001a16f73ac40 method=org.springframework.core.annotation.AnnotationUtils.hasPlainJavaAnnotationsOnly(Ljava/lang/Object;)Z @ 16 c2
Event: 7.580 Thread 0x000001a160394800 Uncommon trap: reason=class_check action=maybe_recompile pc=0x000001a16f73121c method=org.springframework.core.annotation.AnnotatedElementUtils.searchWithFindSemantics(Ljava/lang/reflect/AnnotatedElement;Ljava/util/Set;Ljava/lang/String;Ljava/lang/Class;L
Event: 7.581 Thread 0x000001a160394800 Uncommon trap: reason=class_check action=maybe_recompile pc=0x000001a16f73ac40 method=org.springframework.core.annotation.AnnotationUtils.hasPlainJavaAnnotationsOnly(Ljava/lang/Object;)Z @ 16 c2
Event: 7.581 Thread 0x000001a160394800 Uncommon trap: reason=class_check action=maybe_recompile pc=0x000001a16f73121c method=org.springframework.core.annotation.AnnotatedElementUtils.searchWithFindSemantics(Ljava/lang/reflect/AnnotatedElement;Ljava/util/Set;Ljava/lang/String;Ljava/lang/Class;L
Event: 7.582 Thread 0x000001a160394800 Uncommon trap: reason=class_check action=maybe_recompile pc=0x000001a16f73121c method=org.springframework.core.annotation.AnnotatedElementUtils.searchWithFindSemantics(Ljava/lang/reflect/AnnotatedElement;Ljava/util/Set;Ljava/lang/String;Ljava/lang/Class;L
Event: 7.583 Thread 0x000001a160394800 Uncommon trap: reason=class_check action=maybe_recompile pc=0x000001a16f73121c method=org.springframework.core.annotation.AnnotatedElementUtils.searchWithFindSemantics(Ljava/lang/reflect/AnnotatedElement;Ljava/util/Set;Ljava/lang/String;Ljava/lang/Class;L
Event: 7.779 Thread 0x000001a160394800 Uncommon trap: reason=unstable_if action=reinterpret pc=0x000001a16f5117ac method=java.util.concurrent.ConcurrentHashMap.transfer([Ljava/util/concurrent/ConcurrentHashMap$Node;[Ljava/util/concurrent/ConcurrentHashMap$Node;)V @ 352 c2

Classes redefined (0 events):
No events

Internal exceptions (10 events):
Event: 7.331 Thread 0x000001a160394800 Exception <a 'java/lang/ClassNotFoundException'{0x000000008b2b8270}: org/springframework/beans/factory/FactoryBeanCustomizer> (0x000000008b2b8270) thrown at [./open/src/hotspot/share/classfile/systemDictionary.cpp, line 227]
Event: 7.332 Thread 0x000001a160394800 Exception <a 'java/lang/ClassNotFoundException'{0x000000008b2c68f8}: org/springframework/beans/factory/InitializingBeanCustomizer> (0x000000008b2c68f8) thrown at [./open/src/hotspot/share/classfile/systemDictionary.cpp, line 227]
Event: 7.495 Thread 0x000001a160394800 Exception <a 'java/lang/NoSuchMethodError'{0x000000008ac80618}: java.lang.invoke.DirectMethodHandle$Holder.invokeStaticInit(Ljava/lang/Object;ILjava/lang/Object;)V> (0x000000008ac80618) thrown at [./open/src/hotspot/share/interpreter/linkResolver.cpp, lin
Event: 7.497 Thread 0x000001a160394800 Exception <a 'java/lang/NoSuchMethodError'{0x000000008ac9d8b0}: java.lang.invoke.DirectMethodHandle$Holder.invokeInterface(Ljava/lang/Object;Ljava/lang/Object;Ljava/lang/Object;)Ljava/lang/Object;> (0x000000008ac9d8b0) thrown at [./open/src/hotspot/share/
Event: 7.551 Thread 0x000001a160394800 Exception <a 'java/lang/ClassNotFoundException'{0x000000008a86f9a0}: java/lang/ObjectCustomizer> (0x000000008a86f9a0) thrown at [./open/src/hotspot/share/classfile/systemDictionary.cpp, line 227]
Event: 7.551 Thread 0x000001a160394800 Exception <a 'java/lang/ClassNotFoundException'{0x000000008a87d3d8}: com/henry/orchestrator/staff/model/StaffCustomizer> (0x000000008a87d3d8) thrown at [./open/src/hotspot/share/classfile/systemDictionary.cpp, line 227]
Event: 7.582 Thread 0x000001a160394800 Exception <a 'java/lang/NoSuchMethodError'{0x000000008bb56d48}: java.lang.invoke.DirectMethodHandle$Holder.invokeVirtual(Ljava/lang/Object;Ljava/lang/Object;Ljava/lang/Object;)I> (0x000000008bb56d48) thrown at [./open/src/hotspot/share/interpreter/linkRes
Event: 7.671 Thread 0x000001a160394800 Exception <a 'java/lang/NoSuchMethodError'{0x000000008ba523d0}: java.lang.invoke.DirectMethodHandle$Holder.invokeSpecialIFC(Ljava/lang/Object;Ljava/lang/Object;Ljava/lang/Object;)Ljava/lang/Object;> (0x000000008ba523d0) thrown at [./open/src/hotspot/share
Event: 7.681 Thread 0x000001a160394800 Exception <a 'java/lang/IncompatibleClassChangeError'{0x000000008babc790}: Found class java.lang.Object, but interface was expected> (0x000000008babc790) thrown at [./open/src/hotspot/share/interpreter/linkResolver.cpp, line 838]
Event: 7.799 Thread 0x000001a160394800 Exception <a 'java/lang/NoSuchMethodError'{0x000000008b54f968}: java.lang.invoke.DirectMethodHandle$Holder.invokeInterface(Ljava/lang/Object;Ljava/lang/Object;Ljava/lang/Object;Ljava/lang/Object;)Ljava/lang/Object;> (0x000000008b54f968) thrown at [./open/

Events (10 events):
Event: 7.806 loading class javax/money/MonetaryAmount
Event: 7.806 loading class javax/money/MonetaryAmount done
Event: 7.807 loading class javax/money/MonetaryAmount
Event: 7.807 loading class javax/money/MonetaryAmount done
Event: 7.823 loading class org/springframework/context/support/MessageSourceAccessor
Event: 7.823 loading class org/springframework/context/support/MessageSourceAccessor done
Event: 7.827 loading class org/springframework/http/ResponseEntity
Event: 7.827 loading class org/springframework/http/ResponseEntity done
Event: 7.828 loading class org/springframework/http/HttpEntity
Event: 7.828 loading class org/springframework/http/HttpEntity done


Dynamic libraries:
0x00007ff65c730000 - 0x00007ff65c73f000 	C:\Program Files\Java\jdk-11.0.13\bin\java.exe
0x00007ffed2020000 - 0x00007ffed2229000 	C:\WINDOWS\SYSTEM32\ntdll.dll
0x00007ffed0de0000 - 0x00007ffed0e9d000 	C:\WINDOWS\System32\KERNEL32.DLL
0x00007ffecf7d0000 - 0x00007ffecfb44000 	C:\WINDOWS\System32\KERNELBASE.dll
0x00007ffecfc10000 - 0x00007ffecfd21000 	C:\WINDOWS\System32\ucrtbase.dll
0x00007ffec02e0000 - 0x00007ffec02f5000 	C:\Program Files\Java\jdk-11.0.13\bin\VCRUNTIME140.dll
0x00007ffebce10000 - 0x00007ffebce28000 	C:\Program Files\Java\jdk-11.0.13\bin\jli.dll
0x00007ffed1900000 - 0x00007ffed19ae000 	C:\WINDOWS\System32\ADVAPI32.dll
0x00007ffed04a0000 - 0x00007ffed0543000 	C:\WINDOWS\System32\msvcrt.dll
0x00007ffed16e0000 - 0x00007ffed177e000 	C:\WINDOWS\System32\sechost.dll
0x00007ffed17e0000 - 0x00007ffed1900000 	C:\WINDOWS\System32\RPCRT4.dll
0x00007ffed0560000 - 0x00007ffed070c000 	C:\WINDOWS\System32\USER32.dll
0x00007ffecf630000 - 0x00007ffecf656000 	C:\WINDOWS\System32\win32u.dll
0x00007ffed02d0000 - 0x00007ffed02f9000 	C:\WINDOWS\System32\GDI32.dll
0x00007ffecfda0000 - 0x00007ffecfeb2000 	C:\WINDOWS\System32\gdi32full.dll
0x00007ffecf590000 - 0x00007ffecf62d000 	C:\WINDOWS\System32\msvcp_win.dll
0x00007ffebcea0000 - 0x00007ffebd145000 	C:\WINDOWS\WinSxS\amd64_microsoft.windows.common-controls_6595b64144ccf1df_6.0.22000.120_none_9d947278b86cc467\COMCTL32.dll
0x00007ffec75d0000 - 0x00007ffec75da000 	C:\WINDOWS\SYSTEM32\VERSION.dll
0x00007ffecff20000 - 0x00007ffecff51000 	C:\WINDOWS\System32\IMM32.DLL
0x00007ffeb86d0000 - 0x00007ffeb876b000 	C:\Program Files\Java\jdk-11.0.13\bin\msvcp140.dll
0x00007ffe649c0000 - 0x00007ffe654d3000 	C:\Program Files\Java\jdk-11.0.13\bin\server\jvm.dll
0x00007ffed0550000 - 0x00007ffed0558000 	C:\WINDOWS\System32\PSAPI.DLL
0x00007ffeb5d30000 - 0x00007ffeb5d39000 	C:\WINDOWS\SYSTEM32\WSOCK32.dll
0x00007ffed0130000 - 0x00007ffed019f000 	C:\WINDOWS\System32\WS2_32.dll
0x00007ffec9710000 - 0x00007ffec9743000 	C:\WINDOWS\SYSTEM32\WINMM.dll
0x00007ffece5d0000 - 0x00007ffece5e8000 	C:\WINDOWS\SYSTEM32\kernel.appcore.dll
0x00007ffecb6f0000 - 0x00007ffecb700000 	C:\Program Files\Java\jdk-11.0.13\bin\verify.dll
0x00007ffecd0a0000 - 0x00007ffecd2c1000 	C:\WINDOWS\SYSTEM32\DBGHELP.DLL
0x00007ffeb6130000 - 0x00007ffeb6161000 	C:\WINDOWS\SYSTEM32\dbgcore.DLL
0x00007ffecf510000 - 0x00007ffecf58f000 	C:\WINDOWS\System32\bcryptPrimitives.dll
0x00007ffebcda0000 - 0x00007ffebcdc8000 	C:\Program Files\Java\jdk-11.0.13\bin\java.dll
0x00007ffecb640000 - 0x00007ffecb64a000 	C:\Program Files\Java\jdk-11.0.13\bin\jimage.dll
0x00007ffeb6300000 - 0x00007ffeb630e000 	C:\Program Files\Java\jdk-11.0.13\bin\instrument.dll
0x00007ffeb8630000 - 0x00007ffeb8646000 	C:\Program Files\Java\jdk-11.0.13\bin\zip.dll
0x00007ffed0f20000 - 0x00007ffed16ce000 	C:\WINDOWS\System32\SHELL32.dll
0x00007ffecd640000 - 0x00007ffecdea8000 	C:\WINDOWS\SYSTEM32\windows.storage.dll
0x00007ffed1ac0000 - 0x00007ffed1e38000 	C:\WINDOWS\System32\combase.dll
0x00007ffecd4d0000 - 0x00007ffecd636000 	C:\WINDOWS\SYSTEM32\wintypes.dll
0x00007ffed19d0000 - 0x00007ffed1aba000 	C:\WINDOWS\System32\SHCORE.dll
0x00007ffed0ea0000 - 0x00007ffed0efd000 	C:\WINDOWS\System32\shlwapi.dll
0x00007ffecf440000 - 0x00007ffecf461000 	C:\WINDOWS\SYSTEM32\profapi.dll
0x00007ffeb8610000 - 0x00007ffeb8629000 	C:\Program Files\Java\jdk-11.0.13\bin\net.dll
0x00007ffec8440000 - 0x00007ffec854c000 	C:\WINDOWS\SYSTEM32\WINHTTP.dll
0x00007ffece9f0000 - 0x00007ffecea57000 	C:\WINDOWS\system32\mswsock.dll
0x00007ffeb85d0000 - 0x00007ffeb85e2000 	C:\Program Files\Java\jdk-11.0.13\bin\nio.dll
0x00007ffeb1320000 - 0x00007ffeb133a000 	C:\Program Files\JetBrains\IntelliJ IDEA Community Edition 2021.3.3\bin\breakgen64.dll
0x00007ffecb5c0000 - 0x00007ffecb5c9000 	C:\Program Files\Java\jdk-11.0.13\bin\management.dll
0x00007ffecab30000 - 0x00007ffecab3b000 	C:\Program Files\Java\jdk-11.0.13\bin\management_ext.dll
0x00007ffea40f0000 - 0x00007ffea4107000 	C:\WINDOWS\system32\napinsp.dll
0x00007ffea4070000 - 0x00007ffea408b000 	C:\WINDOWS\system32\pnrpnsp.dll
0x00007ffece170000 - 0x00007ffece257000 	C:\WINDOWS\SYSTEM32\DNSAPI.dll
0x00007ffece100000 - 0x00007ffece12d000 	C:\WINDOWS\SYSTEM32\IPHLPAPI.DLL
0x00007ffed01a0000 - 0x00007ffed01a9000 	C:\WINDOWS\System32\NSI.dll
0x00007ffea4050000 - 0x00007ffea4062000 	C:\WINDOWS\System32\winrnr.dll
0x00007ffea6f40000 - 0x00007ffea6f55000 	C:\WINDOWS\system32\wshbth.dll
0x00007ffea4030000 - 0x00007ffea404f000 	C:\WINDOWS\system32\nlansp_c.dll
0x00007ffec1b60000 - 0x00007ffec1b6a000 	C:\Windows\System32\rasadhlp.dll
0x00007ffec20f0000 - 0x00007ffec2171000 	C:\WINDOWS\System32\fwpuclnt.dll
0x00007ffececc0000 - 0x00007ffececd8000 	C:\WINDOWS\SYSTEM32\CRYPTSP.dll
0x00007ffece530000 - 0x00007ffece565000 	C:\WINDOWS\system32\rsaenh.dll
0x00007ffecea90000 - 0x00007ffeceab9000 	C:\WINDOWS\SYSTEM32\USERENV.dll
0x00007ffecee70000 - 0x00007ffecee97000 	C:\WINDOWS\SYSTEM32\bcrypt.dll
0x00007ffecebe0000 - 0x00007ffecebec000 	C:\WINDOWS\SYSTEM32\CRYPTBASE.dll
0x00007ffec8710000 - 0x00007ffec8729000 	C:\WINDOWS\SYSTEM32\dhcpcsvc6.DLL
0x00007ffec9cf0000 - 0x00007ffec9d0e000 	C:\WINDOWS\SYSTEM32\dhcpcsvc.DLL
0x00007ffeb12f0000 - 0x00007ffeb1315000 	C:\Program Files\Java\jdk-11.0.13\bin\sunec.dll

dbghelp: loaded successfully - version: 4.0.5 - missing functions: none
symbol engine: initialized successfully - sym options: 0x614 - pdb path: .;C:\Program Files\Java\jdk-11.0.13\bin;C:\WINDOWS\SYSTEM32;C:\WINDOWS\WinSxS\amd64_microsoft.windows.common-controls_6595b64144ccf1df_6.0.22000.120_none_9d947278b86cc467;C:\Program Files\Java\jdk-11.0.13\bin\server;C:\Program Files\JetBrains\IntelliJ IDEA Community Edition 2021.3.3\bin

VM Arguments:
jvm_args: -javaagent:C:\Program Files\JetBrains\IntelliJ IDEA Community Edition 2021.3.3\lib\idea_rt.jar=52937:C:\Program Files\JetBrains\IntelliJ IDEA Community Edition 2021.3.3\bin -Dfile.encoding=UTF-8 
java_command: com.henry.orchestrator.OrchestratorApplication
java_class_path (initial): D:\Henry\IT\Project Example\orchestrator\target\classes;C:\Users\asus\.m2\repository\org\springframework\boot\spring-boot-starter-web\2.1.2.RELEASE\spring-boot-starter-web-2.1.2.RELEASE.jar;C:\Users\asus\.m2\repository\org\springframework\boot\spring-boot-starter\2.1.2.RELEASE\spring-boot-starter-2.1.2.RELEASE.jar;C:\Users\asus\.m2\repository\org\springframework\boot\spring-boot\2.1.2.RELEASE\spring-boot-2.1.2.RELEASE.jar;C:\Users\asus\.m2\repository\org\springframework\boot\spring-boot-autoconfigure\2.1.2.RELEASE\spring-boot-autoconfigure-2.1.2.RELEASE.jar;C:\Users\asus\.m2\repository\org\springframework\boot\spring-boot-starter-logging\2.1.2.RELEASE\spring-boot-starter-logging-2.1.2.RELEASE.jar;C:\Users\asus\.m2\repository\ch\qos\logback\logback-classic\1.2.3\logback-classic-1.2.3.jar;C:\Users\asus\.m2\repository\ch\qos\logback\logback-core\1.2.3\logback-core-1.2.3.jar;C:\Users\asus\.m2\repository\org\apache\logging\log4j\log4j-to-slf4j\2.11.1\log4j-to-slf4j-2.11.1.jar;C:\Users\asus\.m2\repository\org\apache\logging\log4j\log4j-api\2.11.1\log4j-api-2.11.1.jar;C:\Users\asus\.m2\repository\org\slf4j\jul-to-slf4j\1.7.25\jul-to-slf4j-1.7.25.jar;C:\Users\asus\.m2\repository\javax\annotation\javax.annotation-api\1.3.2\javax.annotation-api-1.3.2.jar;C:\Users\asus\.m2\repository\org\springframework\spring-core\5.1.4.RELEASE\spring-core-5.1.4.RELEASE.jar;C:\Users\asus\.m2\repository\org\springframework\spring-jcl\5.1.4.RELEASE\spring-jcl-5.1.4.RELEASE.jar;C:\Users\asus\.m2\repository\org\yaml\snakeyaml\1.23\snakeyaml-1.23.jar;C:\Users\asus\.m2\repository\org\springframework\boot\spring-boot-starter-json\2.1.2.RELEASE\spring-boot-starter-json-2.1.2.RELEASE.jar;C:\Users\asus\.m2\repository\com\fasterxml\jackson\core\jackson-databind\2.9.8\jackson-databind-2.9.8.jar;C:\Users\asus\.m2\repository\com\fasterxml\jackson\core\jackson-annotations\2.9.0\jackson-annotations-2.9.0.jar;C:\Users\asus\.m2\repository\com\fasterxml\jackson\core\jackson-core\2.9
Launcher Type: SUN_STANDARD

[Global flags]
     intx CICompilerCount                          = 3                                         {product} {ergonomic}
     uint ConcGCThreads                            = 1                                         {product} {ergonomic}
     uint G1ConcRefinementThreads                  = 4                                         {product} {ergonomic}
   size_t G1HeapRegionSize                         = 1048576                                   {product} {ergonomic}
    uintx GCDrainStackTargetSize                   = 64                                        {product} {ergonomic}
   size_t InitialHeapSize                          = 132120576                                 {product} {ergonomic}
   size_t MarkStackSize                            = 4194304                                   {product} {ergonomic}
   size_t MaxHeapSize                              = 2109734912                                {product} {ergonomic}
   size_t MaxNewSize                               = 1265631232                                {product} {ergonomic}
   size_t MinHeapDeltaBytes                        = 1048576                                   {product} {ergonomic}
    uintx NonNMethodCodeHeapSize                   = 5830732                                {pd product} {ergonomic}
    uintx NonProfiledCodeHeapSize                  = 122913754                              {pd product} {ergonomic}
    uintx ProfiledCodeHeapSize                     = 122913754                              {pd product} {ergonomic}
    uintx ReservedCodeCacheSize                    = 251658240                              {pd product} {ergonomic}
     bool SegmentedCodeCache                       = true                                      {product} {ergonomic}
     bool UseCompressedClassPointers               = true                                 {lp64_product} {ergonomic}
     bool UseCompressedOops                        = true                                 {lp64_product} {ergonomic}
     bool UseG1GC                                  = true                                      {product} {ergonomic}
     bool UseLargePagesIndividualAllocation        = false                                  {pd product} {ergonomic}

Logging:
Log output configuration:
 #0: stdout all=warning uptime,level,tags
 #1: stderr all=off uptime,level,tags

Environment Variables:
PATH=C:\Program Files\Common Files\Oracle\Java\javapath;C:\Program Files (x86)\VMware\VMware Player\bin\;C:\WINDOWS\system32;C:\WINDOWS;C:\WINDOWS\System32\Wbem;C:\WINDOWS\System32\WindowsPowerShell\v1.0\;C:\WINDOWS\System32\OpenSSH\;C:\Program Files\Git\cmd;C:\Program Files\apache-maven-3.8.5\bin;;C:\Program Files\Docker\Docker\resources\bin;C:\ProgramData\DockerDesktop\version-bin;C:\Users\asus\AppData\Local\Microsoft\WindowsApps;C:\Program Files\Java\jdk-11.0.13\bin;;C:\Program Files\JetBrains\IntelliJ IDEA 2021.3.3\bin;;C:\Program Files\JetBrains\IntelliJ IDEA Community Edition 2021.3.3\bin;
USERNAME=asus
OS=Windows_NT
PROCESSOR_IDENTIFIER=Intel64 Family 6 Model 142 Stepping 12, GenuineIntel



---------------  S Y S T E M  ---------------

OS: Windows 10 , 64 bit Build 22000 (10.0.22000.434)
Hyper-V role detected

CPU:total 4 (initial active 4) (2 cores per cpu, 2 threads per core) family 6 model 142 stepping 12 microcode 0xde, cmov, cx8, fxsr, mmx, sse, sse2, sse3, ssse3, sse4.1, sse4.2, popcnt, avx, avx2, aes, clmul, erms, 3dnowpref, lzcnt, ht, tsc, tscinvbit, bmi1, bmi2, adx, fma

Memory: 4k page, system-wide physical 8044M (550M free)
TotalPageFile size 16175M (AvailPageFile size 6M)
current process WorkingSet (physical memory assigned to process): 289M, peak: 289M
current process commit charge ("private bytes"): 347M, peak: 349M

vm_info: Java HotSpot(TM) 64-Bit Server VM (11.0.13+10-LTS-370) for windows-amd64 JRE (11.0.13+10-LTS-370), built on Sep 15 2021 22:10:36 by "mach5one" with MS VC++ 15.9 (VS2017)

END.
